#-----------------------------------------------------------
# Vivado v2022.1 (64-bit)
# SW Build 3526262 on Mon Apr 18 15:47:01 MDT 2022
# IP Build 3524634 on Mon Apr 18 20:55:01 MDT 2022
# Start of session at: Wed Oct 19 15:06:12 2022
# Process ID: 10302
# Current directory: /home/ieykamp/Olin/CompArch/olin-cafe-f22/Ian_Eykamp/circuits/life
# Command line: vivado -mode batch -source ./build.tcl
# Log file: /home/ieykamp/Olin/CompArch/olin-cafe-f22/Ian_Eykamp/circuits/life/vivado.log
# Journal file: /home/ieykamp/Olin/CompArch/olin-cafe-f22/Ian_Eykamp/circuits/life/vivado.jou
# Running On: ieykamp-Latitude-5411, OS: Linux, CPU Frequency: 2700.000 MHz, CPU Physical cores: 6, Host memory: 16437 MB
#-----------------------------------------------------------
source ./build.tcl
# read_verilog ./main/main.sv
read_verilog: Time (s): cpu = 00:00:08 ; elapsed = 00:00:05 . Memory (MB): peak = 2603.832 ; gain = 3.992 ; free physical = 7586 ; free virtual = 14160
# read_xdc ./main.xdc
# synth_design -top main -part xc7a15tcpg236-1
Command: synth_design -top main -part xc7a15tcpg236-1
Starting synth_design
Attempting to get a license for feature 'Synthesis' and/or device 'xc7a15t'
INFO: [Common 17-349] Got license for feature 'Synthesis' and/or device 'xc7a15t'
INFO: [Device 21-403] Loading part xc7a15tcpg236-1
INFO: [Synth 8-7079] Multithreading enabled for synth_design using a maximum of 4 processes.
INFO: [Synth 8-7078] Launching helper process for spawning children vivado processes
INFO: [Synth 8-7075] Helper process launched with PID 10320
---------------------------------------------------------------------------------
Starting RTL Elaboration : Time (s): cpu = 00:00:04 ; elapsed = 00:00:04 . Memory (MB): peak = 2603.844 ; gain = 0.000 ; free physical = 5785 ; free virtual = 12353
---------------------------------------------------------------------------------
INFO: [Synth 8-6157] synthesizing module 'main' [/home/ieykamp/Olin/CompArch/olin-cafe-f22/Ian_Eykamp/circuits/life/main/main.sv:9]
INFO: [Synth 8-6157] synthesizing module 'decoder3_8' [/home/ieykamp/Olin/CompArch/olin-cafe-f22/Ian_Eykamp/circuits/life/decoder/decoder3_8.sv:6]
INFO: [Synth 8-6157] synthesizing module 'decoder1_2' [/home/ieykamp/Olin/CompArch/olin-cafe-f22/Ian_Eykamp/circuits/life/decoder/decoder1_2.sv:4]
INFO: [Synth 8-6155] done synthesizing module 'decoder1_2' (0#1) [/home/ieykamp/Olin/CompArch/olin-cafe-f22/Ian_Eykamp/circuits/life/decoder/decoder1_2.sv:4]
INFO: [Synth 8-6157] synthesizing module 'decoder2_4' [/home/ieykamp/Olin/CompArch/olin-cafe-f22/Ian_Eykamp/circuits/life/decoder/decoder2_4.sv:6]
INFO: [Synth 8-6155] done synthesizing module 'decoder2_4' (0#1) [/home/ieykamp/Olin/CompArch/olin-cafe-f22/Ian_Eykamp/circuits/life/decoder/decoder2_4.sv:6]
INFO: [Synth 8-6155] done synthesizing module 'decoder3_8' (0#1) [/home/ieykamp/Olin/CompArch/olin-cafe-f22/Ian_Eykamp/circuits/life/decoder/decoder3_8.sv:6]
INFO: [Synth 8-6157] synthesizing module 'timer_8tick' [/home/ieykamp/Olin/CompArch/olin-cafe-f22/Ian_Eykamp/circuits/life/timer/timer_8tick.sv:5]
INFO: [Synth 8-6157] synthesizing module 'adder3' [/home/ieykamp/Olin/CompArch/olin-cafe-f22/Ian_Eykamp/circuits/life/adder/adder3.sv:9]
INFO: [Synth 8-6157] synthesizing module 'adder1' [/home/ieykamp/Olin/CompArch/olin-cafe-f22/Ian_Eykamp/circuits/life/adder/adder1.sv:7]
INFO: [Synth 8-6155] done synthesizing module 'adder1' (0#1) [/home/ieykamp/Olin/CompArch/olin-cafe-f22/Ian_Eykamp/circuits/life/adder/adder1.sv:7]
INFO: [Synth 8-6157] synthesizing module 'adder2' [/home/ieykamp/Olin/CompArch/olin-cafe-f22/Ian_Eykamp/circuits/life/adder/adder2.sv:6]
INFO: [Synth 8-6155] done synthesizing module 'adder2' (0#1) [/home/ieykamp/Olin/CompArch/olin-cafe-f22/Ian_Eykamp/circuits/life/adder/adder2.sv:6]
INFO: [Synth 8-6155] done synthesizing module 'adder3' (0#1) [/home/ieykamp/Olin/CompArch/olin-cafe-f22/Ian_Eykamp/circuits/life/adder/adder3.sv:9]
INFO: [Synth 8-6155] done synthesizing module 'timer_8tick' (0#1) [/home/ieykamp/Olin/CompArch/olin-cafe-f22/Ian_Eykamp/circuits/life/timer/timer_8tick.sv:5]
INFO: [Synth 8-6157] synthesizing module 'timer_1second' [/home/ieykamp/Olin/CompArch/olin-cafe-f22/Ian_Eykamp/circuits/life/timer/timer_1second.sv:5]
INFO: [Synth 8-6157] synthesizing module 'adder24' [/home/ieykamp/Olin/CompArch/olin-cafe-f22/Ian_Eykamp/circuits/life/adder/adder24.sv:5]
INFO: [Synth 8-6155] done synthesizing module 'adder24' (0#1) [/home/ieykamp/Olin/CompArch/olin-cafe-f22/Ian_Eykamp/circuits/life/adder/adder24.sv:5]
ERROR: [Synth 8-91] ambiguous clock in event control [/home/ieykamp/Olin/CompArch/olin-cafe-f22/Ian_Eykamp/circuits/life/timer/timer_1second.sv:38]
ERROR: [Synth 8-6156] failed synthesizing module 'timer_1second' [/home/ieykamp/Olin/CompArch/olin-cafe-f22/Ian_Eykamp/circuits/life/timer/timer_1second.sv:5]
ERROR: [Synth 8-6156] failed synthesizing module 'main' [/home/ieykamp/Olin/CompArch/olin-cafe-f22/Ian_Eykamp/circuits/life/main/main.sv:9]
---------------------------------------------------------------------------------
Finished RTL Elaboration : Time (s): cpu = 00:00:05 ; elapsed = 00:00:06 . Memory (MB): peak = 2603.844 ; gain = 0.000 ; free physical = 6707 ; free virtual = 13283
---------------------------------------------------------------------------------
RTL Elaboration failed
INFO: [Common 17-83] Releasing license: Synthesis
24 Infos, 0 Warnings, 0 Critical Warnings and 4 Errors encountered.
synth_design failed
ERROR: [Common 17-69] Command failed: Synthesis failed - please see the console or run log file for details
INFO: [Common 17-206] Exiting Vivado at Wed Oct 19 15:06:31 2022...
