#-----------------------------------------------------------
# Vivado v2022.1 (64-bit)
# SW Build 3526262 on Mon Apr 18 15:47:01 MDT 2022
# IP Build 3524634 on Mon Apr 18 20:55:01 MDT 2022
# Start of session at: Wed Oct 19 19:27:56 2022
# Process ID: 174933
# Current directory: /home/ieykamp/Olin/CompArch/olin-cafe-f22/Ian_Eykamp/circuits/life
# Command line: vivado -mode batch -source ./build.tcl
# Log file: /home/ieykamp/Olin/CompArch/olin-cafe-f22/Ian_Eykamp/circuits/life/vivado.log
# Journal file: /home/ieykamp/Olin/CompArch/olin-cafe-f22/Ian_Eykamp/circuits/life/vivado.jou
# Running On: ieykamp-Latitude-5411, OS: Linux, CPU Frequency: 2700.000 MHz, CPU Physical cores: 6, Host memory: 16437 MB
#-----------------------------------------------------------
source ./build.tcl
# read_verilog ./main/main.sv
# read_xdc ./main.xdc
# synth_design -top main -part xc7a15tcpg236-1
Command: synth_design -top main -part xc7a15tcpg236-1
Starting synth_design
Attempting to get a license for feature 'Synthesis' and/or device 'xc7a15t'
INFO: [Common 17-349] Got license for feature 'Synthesis' and/or device 'xc7a15t'
INFO: [Device 21-403] Loading part xc7a15tcpg236-1
INFO: [Common 17-41] Interrupt caught. Command should exit soon.
INFO: [Common 17-41] Interrupt caught. Command should exit soon.
INFO: [Common 17-41] Interrupt caught. Command should exit soon.
INFO: [Common 17-41] Interrupt caught. Command should exit soon.
INFO: [Common 17-41] Interrupt caught. Command should exit soon.
INFO: [Common 17-41] Interrupt caught. Command should exit soon.
INFO: [Common 17-83] Releasing license: Synthesis
9 Infos, 0 Warnings, 0 Critical Warnings and 1 Errors encountered.
synth_design failed
INFO: [Common 17-344] 'source' was cancelled
INFO: [Common 17-206] Exiting Vivado at Wed Oct 19 19:28:08 2022...
