Copyright 1986-2022 Xilinx, Inc. All Rights Reserved.
----------------------------------------------------------------------------------------------------------
| Tool Version : Vivado v.2022.1 (lin64) Build 3526262 Mon Apr 18 15:47:01 MDT 2022
| Date         : Tue Nov  1 21:57:36 2022
| Host         : ieykamp-Latitude-5411 running 64-bit Ubuntu 22.04.1 LTS
| Command      : report_timing -sort_by group -max_paths 100 -path_type summary -file timing.log -verbose
| Design       : main
| Device       : 7a35t-cpg236
| Speed File   : -1  PRODUCTION 1.23 2018-06-13
----------------------------------------------------------------------------------------------------------

Timing Report

Startpoint                     Endpoint                       Slack(ns)     
----------------------------------------------------------------------------
ILI9341/cfg_bytes_remaining_reg[3]/C
                               ILI9341/cfg_bytes_remaining_reg[5]/R
                                                              11.494        
counter_reg[3]__0/C            counter_reg[6]__1/CE           11.611        
counter_reg[3]__0/C            counter_reg[7]__1/CE           11.611        
counter_reg[3]__0/C            counter_reg[8]__1/CE           11.611        
counter_reg[0]__3/C            counter_reg[17]__0/D           11.668        
counter_reg[3]__0/C            counter_reg[2]__1/CE           11.702        
counter_reg[3]__0/C            counter_reg[3]__1/CE           11.702        
counter_reg[3]__0/C            counter_reg[4]__1/CE           11.702        
counter_reg[3]__0/C            counter_reg[5]__1/CE           11.704        
counter_reg[0]__3/C            counter_reg[0]__4/D            11.822        
counter_reg[0]__3/C            counter_reg[1]__4/D            11.837        
counter_reg[3]__0/C            counter_reg[1]__1/D            11.903        
counter_reg[3]__0/C            counter_reg[0]__1/D            11.917        
counter_reg[3]__0/C            counter_reg[10]/D              11.993        
counter_reg[0]__3/C            counter_reg[18]__0/D           12.062        
counter_reg[0]__3/C            counter_reg[19]__0/D           12.066        
counter_reg[3]__0/C            state_reg/D                    12.121        
counter_reg[0]__3/C            counter_reg[12]__0/D           12.124        
counter_reg[0]__3/C            counter_reg[16]__0/D           12.136        
counter_reg[0]__3/C            counter_reg[7]__3/D            12.161        
counter_reg[0]__3/C            counter_reg[13]__0/D           12.176        
counter_reg[0]__3/C            state_reg__0/D                 12.177        
ILI9341/pixel_x_reg[2]/C       ILI9341/pixel_y_reg[1]/CE      12.179        
ILI9341/pixel_x_reg[2]/C       ILI9341/pixel_y_reg[2]/CE      12.179        
ILI9341/pixel_x_reg[2]/C       ILI9341/pixel_y_reg[5]/CE      12.179        
ILI9341/pixel_x_reg[2]/C       ILI9341/pixel_y_reg[7]/CE      12.179        
ILI9341/pixel_x_reg[2]/C       ILI9341/pixel_y_reg[8]/CE      12.179        
counter_reg[3]__0/C            counter_reg[8]__0/D            12.181        
counter_reg[3]__0/C            counter_reg[20]/D              12.258        
counter_reg[3]__0/C            counter_reg[15]/D              12.280        
counter_reg[3]__0/C            counter_reg[13]/D              12.294        
counter_reg[3]__0/C            counter_reg[23]/D              12.299        
counter_reg[3]__0/C            counter_reg[21]/D              12.306        
ILI9341/pixel_x_reg[2]/C       ILI9341/pixel_y_reg[0]/CE      12.368        
ILI9341/pixel_x_reg[2]/C       ILI9341/pixel_y_reg[3]/CE      12.368        
ILI9341/pixel_x_reg[2]/C       ILI9341/pixel_y_reg[4]/CE      12.368        
ILI9341/pixel_x_reg[2]/C       ILI9341/pixel_y_reg[6]/CE      12.368        
counter_reg[0]__3/C            counter_reg[15]__0/D           12.378        
counter_reg[3]__0/C            counter_reg[22]/D              12.381        
ILI9341/cfg_bytes_remaining_reg[3]/C
                               ILI9341/cfg_bytes_remaining_reg[0]/D
                                                              12.412        
ILI9341/cfg_bytes_remaining_reg[3]/C
                               ILI9341/cfg_bytes_remaining_reg[5]/CE
                                                              12.423        
counter_reg[3]__0/C            counter_reg[14]/D              12.437        
counter_reg[3]__0/C            counter_reg[17]/D              12.452        
counter_reg[3]__0/C            counter_reg[19]/D              12.454        
counter_reg[3]__0/C            counter_reg[16]/D              12.454        
ILI9341/cfg_bytes_remaining_reg[3]/C
                               ILI9341/cfg_bytes_remaining_reg[1]/D
                                                              12.464        
ILI9341/cfg_bytes_remaining_reg[3]/C
                               ILI9341/cfg_bytes_remaining_reg[2]/CE
                                                              12.480        
ILI9341/cfg_bytes_remaining_reg[3]/C
                               ILI9341/cfg_bytes_remaining_reg[3]/CE
                                                              12.480        
ILI9341/cfg_bytes_remaining_reg[3]/C
                               ILI9341/cfg_bytes_remaining_reg[4]/CE
                                                              12.480        
counter_reg[3]__0/C            counter_reg[18]/D              12.501        
counter_reg[0]__3/C            counter_reg[14]__0/D           12.509        
ILI9341/pixel_x_reg[2]/C       ILI9341/state_reg[0]/D         12.594        
ILI9341/cfg_bytes_remaining_reg[3]/C
                               ILI9341/cfg_bytes_remaining_reg[7]/D
                                                              12.599        
ILI9341/cfg_bytes_remaining_reg[3]/C
                               ILI9341/cfg_bytes_remaining_reg[6]/CE
                                                              12.605        
counter_reg[3]__0/C            counter_reg[12]/D              12.789        
counter_reg[0]__3/C            counter_reg[3]__4/CE           12.797        
counter_reg[0]__3/C            counter_reg[4]__4/CE           12.797        
counter_reg[0]__3/C            counter_reg[5]__4/CE           12.797        
counter_reg[3]__0/C            counter_reg[11]/D              12.841        
counter_reg[3]__0/C            counter_reg[9]/D               12.890        
counter_reg[0]__3/C            counter_reg[2]__4/CE           12.981        
counter_reg[0]__3/C            counter_reg[6]__4/CE           12.981        
counter_reg[0]__3/C            counter_reg[7]__4/CE           12.981        
counter_reg[0]__3/C            counter_reg[8]__4/CE           12.981        
counter_reg[0]__3/C            counter_reg[20]__0/D           13.038        
ILI9341/pixel_y_reg[1]/C       ILI9341/pixel_y_reg[3]/D       13.040        
ILI9341/cfg_bytes_remaining_reg[3]/C
                               ILI9341/cfg_state_after_wait_reg[2]/D
                                                              13.115        
ILI9341/pixel_x_reg[2]/C       ILI9341/pixel_x_reg[1]/D       13.181        
ILI9341/pixel_x_reg[2]/C       ILI9341/pixel_x_reg[0]/D       13.190        
ILI9341/pixel_x_reg[2]/C       ILI9341/pixel_x_reg[2]/D       13.199        
ILI9341/pixel_y_reg[1]/C       ILI9341/pixel_y_reg[0]/D       13.242        
ILI9341/state_reg[1]/C         ILI9341/pixel_x_reg[4]/CE      13.249        
ILI9341/state_reg[1]/C         ILI9341/pixel_x_reg[7]/CE      13.249        
ILI9341/pixel_y_reg[1]/C       ILI9341/pixel_y_reg[4]/D       13.260        
counter_reg[0]__3/C            counter_reg[11]__0/D           13.261        
ILI9341/pixel_x_reg[2]/C       ILI9341/pixel_x_reg[7]/D       13.346        
ILI9341/pixel_y_reg[1]/C       ILI9341/pixel_y_reg[6]/D       13.361        
ILI9341/pixel_y_reg[1]/C       ILI9341/pixel_y_reg[1]/D       13.487        
ILI9341/state_reg[1]/C         ILI9341/pixel_x_reg[0]/CE      13.490        
ILI9341/state_reg[1]/C         ILI9341/pixel_x_reg[1]/CE      13.490        
ILI9341/state_reg[1]/C         ILI9341/pixel_x_reg[2]/CE      13.490        
ILI9341/state_reg[1]/C         ILI9341/pixel_x_reg[3]/CE      13.490        
ILI9341/pixel_y_reg[1]/C       ILI9341/pixel_y_reg[2]/D       13.507        
ILI9341/state_reg[1]/C         ILI9341/pixel_x_reg[5]/CE      13.577        
ILI9341/state_reg[1]/C         ILI9341/pixel_x_reg[6]/CE      13.577        
ILI9341/pixel_x_reg[2]/C       ILI9341/pixel_x_reg[3]/D       13.577        
ILI9341/pixel_x_reg[2]/C       ILI9341/pixel_x_reg[5]/D       13.609        
ILI9341/state_reg[1]/C         ILI9341/cfg_state_reg[2]/D     13.610        
ILI9341/cfg_state_reg[1]/C     ILI9341/state_reg[1]/D         13.617        
ILI9341/state_reg[1]/C         ILI9341/cfg_state_after_wait_reg[1]/D
                                                              13.617        
ILI9341/state_reg[1]/C         ILI9341/cfg_state_reg[1]/D     13.636        
ILI9341/pixel_x_reg[2]/C       ILI9341/pixel_x_reg[6]/D       13.661        
ILI9341/pixel_y_reg[1]/C       ILI9341/pixel_y_reg[7]/D       13.675        
ILI9341/pixel_y_reg[1]/C       ILI9341/pixel_y_reg[8]/D       13.693        
ILI9341/pixel_x_reg[2]/C       ILI9341/pixel_x_reg[4]/D       13.733        
ILI9341/state_reg[1]/C         ILI9341/data_commandb_reg/CE   13.792        
counter_reg[0]__2/C            counter_reg[0]__2/D            13.792        
counter_reg[4]__4/C            counter_reg[6]__4/D            13.815        
counter_reg[0]__3/C            counter_reg[10]__0/D           13.820        
counter_reg[4]__4/C            counter_reg[8]__4/D            13.845        



