#-----------------------------------------------------------
# Vivado v2022.1 (64-bit)
# SW Build 3526262 on Mon Apr 18 15:47:01 MDT 2022
# IP Build 3524634 on Mon Apr 18 20:55:01 MDT 2022
# Start of session at: Wed Nov  2 19:52:38 2022
# Process ID: 7740
# Current directory: /home/ieykamp/Olin/CompArch/olin-cafe-f22/labs/02_etch_a_sketch
# Command line: vivado -mode batch -source build.tcl
# Log file: /home/ieykamp/Olin/CompArch/olin-cafe-f22/labs/02_etch_a_sketch/vivado.log
# Journal file: /home/ieykamp/Olin/CompArch/olin-cafe-f22/labs/02_etch_a_sketch/vivado.jou
# Running On: ieykamp-Latitude-5411, OS: Linux, CPU Frequency: 2700.000 MHz, CPU Physical cores: 6, Host memory: 16437 MB
#-----------------------------------------------------------
source build.tcl
# read_verilog [ glob ./hdl/*.sv ]
# read_xdc ./main.xdc
# synth_design -top main -part xc7a35tcpg236-1
Command: synth_design -top main -part xc7a35tcpg236-1
Starting synth_design
Attempting to get a license for feature 'Synthesis' and/or device 'xc7a35t'
INFO: [Common 17-349] Got license for feature 'Synthesis' and/or device 'xc7a35t'
INFO: [Device 21-403] Loading part xc7a35tcpg236-1
INFO: [Synth 8-7079] Multithreading enabled for synth_design using a maximum of 4 processes.
INFO: [Synth 8-7078] Launching helper process for spawning children vivado processes
INFO: [Synth 8-7075] Helper process launched with PID 7781
CRITICAL WARNING: [Synth 8-9873] overwriting previous definition of module 'adder_1' [/home/ieykamp/Olin/CompArch/olin-cafe-f22/labs/02_etch_a_sketch/hdl/adder_1.sv:22]
INFO: [Synth 8-9937] previous definition of design element 'adder_1' is here [/home/ieykamp/Olin/CompArch/olin-cafe-f22/labs/02_etch_a_sketch/hdl/adder_1.sv:22]
WARNING: [Synth 8-6901] identifier 'vram_rd_data_valid' is used before its declaration [/home/ieykamp/Olin/CompArch/olin-cafe-f22/labs/02_etch_a_sketch/hdl/ili9341_display_controller.sv:131]
---------------------------------------------------------------------------------
Starting RTL Elaboration : Time (s): cpu = 00:00:03 ; elapsed = 00:00:04 . Memory (MB): peak = 2604.816 ; gain = 0.000 ; free physical = 4611 ; free virtual = 11762
---------------------------------------------------------------------------------
INFO: [Synth 8-6157] synthesizing module 'main' [/home/ieykamp/Olin/CompArch/olin-cafe-f22/labs/02_etch_a_sketch/hdl/main.sv:8]
INFO: [Synth 8-6157] synthesizing module 'MMCME2_BASE' [/home/ieykamp/Programs/Xilinx/Vivado/2022.1/scripts/rt/data/unisim_comp.v:63629]
	Parameter BANDWIDTH bound to: OPTIMIZED - type: string 
	Parameter CLKFBOUT_MULT_F bound to: 64.000000 - type: double 
	Parameter CLKIN1_PERIOD bound to: 83.000000 - type: double 
	Parameter CLKOUT0_DIVIDE_F bound to: 12.500000 - type: double 
	Parameter CLKOUT0_DUTY_CYCLE bound to: 0.500000 - type: double 
	Parameter CLKOUT0_PHASE bound to: 0.000000 - type: double 
	Parameter DIVCLK_DIVIDE bound to: 1 - type: integer 
	Parameter STARTUP_WAIT bound to: FALSE - type: string 
INFO: [Synth 8-6155] done synthesizing module 'MMCME2_BASE' (0#1) [/home/ieykamp/Programs/Xilinx/Vivado/2022.1/scripts/rt/data/unisim_comp.v:63629]
WARNING: [Synth 8-7071] port 'CLKFBOUTB' of module 'MMCME2_BASE' is unconnected for instance 'MMCME2_BASE_inst' [/home/ieykamp/Olin/CompArch/olin-cafe-f22/labs/02_etch_a_sketch/hdl/main.sv:61]
WARNING: [Synth 8-7071] port 'CLKOUT0B' of module 'MMCME2_BASE' is unconnected for instance 'MMCME2_BASE_inst' [/home/ieykamp/Olin/CompArch/olin-cafe-f22/labs/02_etch_a_sketch/hdl/main.sv:61]
WARNING: [Synth 8-7071] port 'CLKOUT1' of module 'MMCME2_BASE' is unconnected for instance 'MMCME2_BASE_inst' [/home/ieykamp/Olin/CompArch/olin-cafe-f22/labs/02_etch_a_sketch/hdl/main.sv:61]
WARNING: [Synth 8-7071] port 'CLKOUT1B' of module 'MMCME2_BASE' is unconnected for instance 'MMCME2_BASE_inst' [/home/ieykamp/Olin/CompArch/olin-cafe-f22/labs/02_etch_a_sketch/hdl/main.sv:61]
WARNING: [Synth 8-7071] port 'CLKOUT2' of module 'MMCME2_BASE' is unconnected for instance 'MMCME2_BASE_inst' [/home/ieykamp/Olin/CompArch/olin-cafe-f22/labs/02_etch_a_sketch/hdl/main.sv:61]
WARNING: [Synth 8-7071] port 'CLKOUT2B' of module 'MMCME2_BASE' is unconnected for instance 'MMCME2_BASE_inst' [/home/ieykamp/Olin/CompArch/olin-cafe-f22/labs/02_etch_a_sketch/hdl/main.sv:61]
WARNING: [Synth 8-7071] port 'CLKOUT3' of module 'MMCME2_BASE' is unconnected for instance 'MMCME2_BASE_inst' [/home/ieykamp/Olin/CompArch/olin-cafe-f22/labs/02_etch_a_sketch/hdl/main.sv:61]
WARNING: [Synth 8-7071] port 'CLKOUT3B' of module 'MMCME2_BASE' is unconnected for instance 'MMCME2_BASE_inst' [/home/ieykamp/Olin/CompArch/olin-cafe-f22/labs/02_etch_a_sketch/hdl/main.sv:61]
WARNING: [Synth 8-7071] port 'CLKOUT4' of module 'MMCME2_BASE' is unconnected for instance 'MMCME2_BASE_inst' [/home/ieykamp/Olin/CompArch/olin-cafe-f22/labs/02_etch_a_sketch/hdl/main.sv:61]
WARNING: [Synth 8-7071] port 'CLKOUT5' of module 'MMCME2_BASE' is unconnected for instance 'MMCME2_BASE_inst' [/home/ieykamp/Olin/CompArch/olin-cafe-f22/labs/02_etch_a_sketch/hdl/main.sv:61]
WARNING: [Synth 8-7071] port 'CLKOUT6' of module 'MMCME2_BASE' is unconnected for instance 'MMCME2_BASE_inst' [/home/ieykamp/Olin/CompArch/olin-cafe-f22/labs/02_etch_a_sketch/hdl/main.sv:61]
WARNING: [Synth 8-7071] port 'LOCKED' of module 'MMCME2_BASE' is unconnected for instance 'MMCME2_BASE_inst' [/home/ieykamp/Olin/CompArch/olin-cafe-f22/labs/02_etch_a_sketch/hdl/main.sv:61]
WARNING: [Synth 8-7023] instance 'MMCME2_BASE_inst' of module 'MMCME2_BASE' has 18 connections declared, but only 6 given [/home/ieykamp/Olin/CompArch/olin-cafe-f22/labs/02_etch_a_sketch/hdl/main.sv:61]
INFO: [Synth 8-6157] synthesizing module 'pulse_generator' [/home/ieykamp/Olin/CompArch/olin-cafe-f22/labs/02_etch_a_sketch/hdl/pulse_generator.sv:9]
	Parameter N bound to: 27 - type: integer 
INFO: [Synth 8-6157] synthesizing module 'adder_n' [/home/ieykamp/Olin/CompArch/olin-cafe-f22/labs/02_etch_a_sketch/hdl/adder_n.sv:5]
	Parameter N bound to: 27 - type: integer 
INFO: [Synth 8-6157] synthesizing module 'adder_1' [/home/ieykamp/Olin/CompArch/olin-cafe-f22/labs/02_etch_a_sketch/hdl/adder_1.sv:6]
INFO: [Synth 8-6155] done synthesizing module 'adder_1' (0#1) [/home/ieykamp/Olin/CompArch/olin-cafe-f22/labs/02_etch_a_sketch/hdl/adder_1.sv:6]
INFO: [Synth 8-6155] done synthesizing module 'adder_n' (0#1) [/home/ieykamp/Olin/CompArch/olin-cafe-f22/labs/02_etch_a_sketch/hdl/adder_n.sv:5]
INFO: [Synth 8-6155] done synthesizing module 'pulse_generator' (0#1) [/home/ieykamp/Olin/CompArch/olin-cafe-f22/labs/02_etch_a_sketch/hdl/pulse_generator.sv:9]
INFO: [Synth 8-6157] synthesizing module 'pulse_generator' [/home/ieykamp/Olin/CompArch/olin-cafe-f22/labs/02_etch_a_sketch/hdl/pulse_generator.sv:9]
	Parameter N bound to: 24 - type: integer 
INFO: [Synth 8-6157] synthesizing module 'adder_n__parameterized0' [/home/ieykamp/Olin/CompArch/olin-cafe-f22/labs/02_etch_a_sketch/hdl/adder_n.sv:5]
	Parameter N bound to: 24 - type: integer 
INFO: [Synth 8-6155] done synthesizing module 'adder_n__parameterized0' (0#1) [/home/ieykamp/Olin/CompArch/olin-cafe-f22/labs/02_etch_a_sketch/hdl/adder_n.sv:5]
INFO: [Synth 8-6155] done synthesizing module 'pulse_generator' (0#1) [/home/ieykamp/Olin/CompArch/olin-cafe-f22/labs/02_etch_a_sketch/hdl/pulse_generator.sv:9]
INFO: [Synth 8-6157] synthesizing module 'pulse_generator' [/home/ieykamp/Olin/CompArch/olin-cafe-f22/labs/02_etch_a_sketch/hdl/pulse_generator.sv:9]
	Parameter N bound to: 21 - type: integer 
INFO: [Synth 8-6157] synthesizing module 'adder_n__parameterized1' [/home/ieykamp/Olin/CompArch/olin-cafe-f22/labs/02_etch_a_sketch/hdl/adder_n.sv:5]
	Parameter N bound to: 21 - type: integer 
INFO: [Synth 8-6155] done synthesizing module 'adder_n__parameterized1' (0#1) [/home/ieykamp/Olin/CompArch/olin-cafe-f22/labs/02_etch_a_sketch/hdl/adder_n.sv:5]
INFO: [Synth 8-6155] done synthesizing module 'pulse_generator' (0#1) [/home/ieykamp/Olin/CompArch/olin-cafe-f22/labs/02_etch_a_sketch/hdl/pulse_generator.sv:9]
INFO: [Synth 8-6157] synthesizing module 'triangle_generator' [/home/ieykamp/Olin/CompArch/olin-cafe-f22/labs/02_etch_a_sketch/hdl/triangle_generator.sv:7]
	Parameter N bound to: 9 - type: integer 
INFO: [Synth 8-6157] synthesizing module 'adder_n__parameterized2' [/home/ieykamp/Olin/CompArch/olin-cafe-f22/labs/02_etch_a_sketch/hdl/adder_n.sv:5]
	Parameter N bound to: 9 - type: integer 
INFO: [Synth 8-6155] done synthesizing module 'adder_n__parameterized2' (0#1) [/home/ieykamp/Olin/CompArch/olin-cafe-f22/labs/02_etch_a_sketch/hdl/adder_n.sv:5]
INFO: [Synth 8-6155] done synthesizing module 'triangle_generator' (0#1) [/home/ieykamp/Olin/CompArch/olin-cafe-f22/labs/02_etch_a_sketch/hdl/triangle_generator.sv:7]
INFO: [Synth 8-6157] synthesizing module 'triangle_generator' [/home/ieykamp/Olin/CompArch/olin-cafe-f22/labs/02_etch_a_sketch/hdl/triangle_generator.sv:7]
	Parameter N bound to: 9 - type: integer 
INFO: [Synth 8-6155] done synthesizing module 'triangle_generator' (0#1) [/home/ieykamp/Olin/CompArch/olin-cafe-f22/labs/02_etch_a_sketch/hdl/triangle_generator.sv:7]
INFO: [Synth 8-6157] synthesizing module 'pwm' [/home/ieykamp/Olin/CompArch/olin-cafe-f22/labs/02_etch_a_sketch/hdl/pwm.sv:10]
	Parameter N bound to: 9 - type: integer 
INFO: [Synth 8-6157] synthesizing module 'comparator_lt_unsigned' [/home/ieykamp/Olin/CompArch/olin-cafe-f22/labs/02_etch_a_sketch/hdl/comparator_lt_unsigned.sv:3]
	Parameter N bound to: 9 - type: integer 
INFO: [Synth 8-6155] done synthesizing module 'comparator_lt_unsigned' (0#1) [/home/ieykamp/Olin/CompArch/olin-cafe-f22/labs/02_etch_a_sketch/hdl/comparator_lt_unsigned.sv:3]
INFO: [Synth 8-6155] done synthesizing module 'pwm' (0#1) [/home/ieykamp/Olin/CompArch/olin-cafe-f22/labs/02_etch_a_sketch/hdl/pwm.sv:10]
INFO: [Synth 8-6157] synthesizing module 'pwm' [/home/ieykamp/Olin/CompArch/olin-cafe-f22/labs/02_etch_a_sketch/hdl/pwm.sv:10]
	Parameter N bound to: 9 - type: integer 
INFO: [Synth 8-6157] synthesizing module 'comparator_lt_unsigned' [/home/ieykamp/Olin/CompArch/olin-cafe-f22/labs/02_etch_a_sketch/hdl/comparator_lt_unsigned.sv:3]
	Parameter N bound to: 9 - type: integer 
INFO: [Synth 8-6155] done synthesizing module 'comparator_lt_unsigned' (0#1) [/home/ieykamp/Olin/CompArch/olin-cafe-f22/labs/02_etch_a_sketch/hdl/comparator_lt_unsigned.sv:3]
INFO: [Synth 8-6155] done synthesizing module 'pwm' (0#1) [/home/ieykamp/Olin/CompArch/olin-cafe-f22/labs/02_etch_a_sketch/hdl/pwm.sv:10]
INFO: [Synth 8-6157] synthesizing module 'ili9341_display_controller' [/home/ieykamp/Olin/CompArch/olin-cafe-f22/labs/02_etch_a_sketch/hdl/ili9341_display_controller.sv:14]
INFO: [Synth 8-6157] synthesizing module 'spi_controller' [/home/ieykamp/Olin/CompArch/olin-cafe-f22/labs/02_etch_a_sketch/hdl/spi_controller.sv:6]
INFO: [Synth 8-6155] done synthesizing module 'spi_controller' (0#1) [/home/ieykamp/Olin/CompArch/olin-cafe-f22/labs/02_etch_a_sketch/hdl/spi_controller.sv:6]
INFO: [Synth 8-6157] synthesizing module 'block_rom' [/home/ieykamp/Olin/CompArch/olin-cafe-f22/labs/02_etch_a_sketch/hdl/block_rom.sv:6]
	Parameter W bound to: 8 - type: integer 
	Parameter L bound to: 125 - type: integer 
	Parameter INIT bound to: 208'b0110110101100101011011010110111101110010011010010110010101110011001011110110100101101100011010010011100100110011001101000011000101011111011010010110111001101001011101000010111001101101011001010110110101101000 
INFO: [Synth 8-251] Initializing block rom from file memories/ili9341_init.memh. [/home/ieykamp/Olin/CompArch/olin-cafe-f22/labs/02_etch_a_sketch/hdl/block_rom.sv:18]
CRITICAL WARNING: [Synth 8-4445] could not open $readmem data file 'memories/ili9341_init.memh'; please make sure the file is added to project and has read permission, ignoring [/home/ieykamp/Olin/CompArch/olin-cafe-f22/labs/02_etch_a_sketch/hdl/block_rom.sv:19]
INFO: [Synth 8-6155] done synthesizing module 'block_rom' (0#1) [/home/ieykamp/Olin/CompArch/olin-cafe-f22/labs/02_etch_a_sketch/hdl/block_rom.sv:6]
INFO: [Synth 8-226] default block is never used [/home/ieykamp/Olin/CompArch/olin-cafe-f22/labs/02_etch_a_sketch/hdl/ili9341_display_controller.sv:196]
INFO: [Synth 8-6155] done synthesizing module 'ili9341_display_controller' (0#1) [/home/ieykamp/Olin/CompArch/olin-cafe-f22/labs/02_etch_a_sketch/hdl/ili9341_display_controller.sv:14]
INFO: [Synth 8-6157] synthesizing module 'ft6206_controller' [/home/ieykamp/Olin/CompArch/olin-cafe-f22/labs/02_etch_a_sketch/hdl/ft6206_controller.sv:7]
	Parameter CLK_HZ bound to: 120000000 - type: integer 
	Parameter I2C_CLK_HZ bound to: 400000 - type: integer 
INFO: [Synth 8-6157] synthesizing module 'i2c_controller' [/home/ieykamp/Olin/CompArch/olin-cafe-f22/labs/02_etch_a_sketch/hdl/i2c_controller.sv:8]
	Parameter CLK_HZ bound to: 120000000 - type: integer 
	Parameter I2C_CLK_HZ bound to: 400000 - type: integer 
INFO: [Synth 8-6155] done synthesizing module 'i2c_controller' (0#1) [/home/ieykamp/Olin/CompArch/olin-cafe-f22/labs/02_etch_a_sketch/hdl/i2c_controller.sv:8]
INFO: [Synth 8-155] case statement is not full and has no default [/home/ieykamp/Olin/CompArch/olin-cafe-f22/labs/02_etch_a_sketch/hdl/ft6206_controller.sv:106]
INFO: [Synth 8-155] case statement is not full and has no default [/home/ieykamp/Olin/CompArch/olin-cafe-f22/labs/02_etch_a_sketch/hdl/ft6206_controller.sv:75]
INFO: [Synth 8-6155] done synthesizing module 'ft6206_controller' (0#1) [/home/ieykamp/Olin/CompArch/olin-cafe-f22/labs/02_etch_a_sketch/hdl/ft6206_controller.sv:7]
INFO: [Synth 8-6157] synthesizing module 'block_ram' [/home/ieykamp/Olin/CompArch/olin-cafe-f22/labs/02_etch_a_sketch/hdl/block_ram.sv:5]
	Parameter W bound to: 16 - type: integer 
	Parameter L bound to: 76800 - type: integer 
INFO: [Synth 8-251] Initializing block rom from file zeros.memh. [/home/ieykamp/Olin/CompArch/olin-cafe-f22/labs/02_etch_a_sketch/hdl/block_ram.sv:19]
CRITICAL WARNING: [Synth 8-4445] could not open $readmem data file 'zeros.memh'; please make sure the file is added to project and has read permission, ignoring [/home/ieykamp/Olin/CompArch/olin-cafe-f22/labs/02_etch_a_sketch/hdl/block_ram.sv:20]
INFO: [Synth 8-6155] done synthesizing module 'block_ram' (0#1) [/home/ieykamp/Olin/CompArch/olin-cafe-f22/labs/02_etch_a_sketch/hdl/block_ram.sv:5]
INFO: [Synth 8-6155] done synthesizing module 'main' (0#1) [/home/ieykamp/Olin/CompArch/olin-cafe-f22/labs/02_etch_a_sketch/hdl/main.sv:8]
WARNING: [Synth 8-6014] Unused sequential element rx_data_reg was removed.  [/home/ieykamp/Olin/CompArch/olin-cafe-f22/labs/02_etch_a_sketch/hdl/spi_controller.sv:72]
WARNING: [Synth 8-4767] Trying to implement RAM ' ' in registers. Block RAM or DRAM implementation is not possible; see log for reasons.
	1: Unable to determine number of words or word size in RAM. 
	2: No valid read/write found for RAM. 
RAM dissolved into registers
WARNING: [Synth 8-3848] Net rom in module/entity block_rom does not have driver. [/home/ieykamp/Olin/CompArch/olin-cafe-f22/labs/02_etch_a_sketch/hdl/block_rom.sv:16]
WARNING: [Synth 8-3848] Net rom in module/entity block_rom does not have driver. [/home/ieykamp/Olin/CompArch/olin-cafe-f22/labs/02_etch_a_sketch/hdl/block_rom.sv:16]
WARNING: [Synth 8-3848] Net rom in module/entity block_rom does not have driver. [/home/ieykamp/Olin/CompArch/olin-cafe-f22/labs/02_etch_a_sketch/hdl/block_rom.sv:16]
WARNING: [Synth 8-3848] Net rom in module/entity block_rom does not have driver. [/home/ieykamp/Olin/CompArch/olin-cafe-f22/labs/02_etch_a_sketch/hdl/block_rom.sv:16]
WARNING: [Synth 8-3848] Net rom in module/entity block_rom does not have driver. [/home/ieykamp/Olin/CompArch/olin-cafe-f22/labs/02_etch_a_sketch/hdl/block_rom.sv:16]
WARNING: [Synth 8-3848] Net rom in module/entity block_rom does not have driver. [/home/ieykamp/Olin/CompArch/olin-cafe-f22/labs/02_etch_a_sketch/hdl/block_rom.sv:16]
WARNING: [Synth 8-3848] Net rom in module/entity block_rom does not have driver. [/home/ieykamp/Olin/CompArch/olin-cafe-f22/labs/02_etch_a_sketch/hdl/block_rom.sv:16]
WARNING: [Synth 8-3848] Net rom in module/entity block_rom does not have driver. [/home/ieykamp/Olin/CompArch/olin-cafe-f22/labs/02_etch_a_sketch/hdl/block_rom.sv:16]
WARNING: [Synth 8-3848] Net rom in module/entity block_rom does not have driver. [/home/ieykamp/Olin/CompArch/olin-cafe-f22/labs/02_etch_a_sketch/hdl/block_rom.sv:16]
WARNING: [Synth 8-3848] Net rom in module/entity block_rom does not have driver. [/home/ieykamp/Olin/CompArch/olin-cafe-f22/labs/02_etch_a_sketch/hdl/block_rom.sv:16]
WARNING: [Synth 8-3848] Net rom in module/entity block_rom does not have driver. [/home/ieykamp/Olin/CompArch/olin-cafe-f22/labs/02_etch_a_sketch/hdl/block_rom.sv:16]
WARNING: [Synth 8-3848] Net rom in module/entity block_rom does not have driver. [/home/ieykamp/Olin/CompArch/olin-cafe-f22/labs/02_etch_a_sketch/hdl/block_rom.sv:16]
WARNING: [Synth 8-3848] Net rom in module/entity block_rom does not have driver. [/home/ieykamp/Olin/CompArch/olin-cafe-f22/labs/02_etch_a_sketch/hdl/block_rom.sv:16]
WARNING: [Synth 8-3848] Net rom in module/entity block_rom does not have driver. [/home/ieykamp/Olin/CompArch/olin-cafe-f22/labs/02_etch_a_sketch/hdl/block_rom.sv:16]
WARNING: [Synth 8-3848] Net rom in module/entity block_rom does not have driver. [/home/ieykamp/Olin/CompArch/olin-cafe-f22/labs/02_etch_a_sketch/hdl/block_rom.sv:16]
WARNING: [Synth 8-3848] Net rom in module/entity block_rom does not have driver. [/home/ieykamp/Olin/CompArch/olin-cafe-f22/labs/02_etch_a_sketch/hdl/block_rom.sv:16]
WARNING: [Synth 8-3848] Net rom in module/entity block_rom does not have driver. [/home/ieykamp/Olin/CompArch/olin-cafe-f22/labs/02_etch_a_sketch/hdl/block_rom.sv:16]
WARNING: [Synth 8-3848] Net rom in module/entity block_rom does not have driver. [/home/ieykamp/Olin/CompArch/olin-cafe-f22/labs/02_etch_a_sketch/hdl/block_rom.sv:16]
WARNING: [Synth 8-3848] Net rom in module/entity block_rom does not have driver. [/home/ieykamp/Olin/CompArch/olin-cafe-f22/labs/02_etch_a_sketch/hdl/block_rom.sv:16]
WARNING: [Synth 8-3848] Net rom in module/entity block_rom does not have driver. [/home/ieykamp/Olin/CompArch/olin-cafe-f22/labs/02_etch_a_sketch/hdl/block_rom.sv:16]
WARNING: [Synth 8-3848] Net rom in module/entity block_rom does not have driver. [/home/ieykamp/Olin/CompArch/olin-cafe-f22/labs/02_etch_a_sketch/hdl/block_rom.sv:16]
WARNING: [Synth 8-3848] Net rom in module/entity block_rom does not have driver. [/home/ieykamp/Olin/CompArch/olin-cafe-f22/labs/02_etch_a_sketch/hdl/block_rom.sv:16]
WARNING: [Synth 8-3848] Net rom in module/entity block_rom does not have driver. [/home/ieykamp/Olin/CompArch/olin-cafe-f22/labs/02_etch_a_sketch/hdl/block_rom.sv:16]
WARNING: [Synth 8-3848] Net rom in module/entity block_rom does not have driver. [/home/ieykamp/Olin/CompArch/olin-cafe-f22/labs/02_etch_a_sketch/hdl/block_rom.sv:16]
WARNING: [Synth 8-3848] Net rom in module/entity block_rom does not have driver. [/home/ieykamp/Olin/CompArch/olin-cafe-f22/labs/02_etch_a_sketch/hdl/block_rom.sv:16]
WARNING: [Synth 8-3848] Net rom in module/entity block_rom does not have driver. [/home/ieykamp/Olin/CompArch/olin-cafe-f22/labs/02_etch_a_sketch/hdl/block_rom.sv:16]
WARNING: [Synth 8-3848] Net rom in module/entity block_rom does not have driver. [/home/ieykamp/Olin/CompArch/olin-cafe-f22/labs/02_etch_a_sketch/hdl/block_rom.sv:16]
WARNING: [Synth 8-3848] Net rom in module/entity block_rom does not have driver. [/home/ieykamp/Olin/CompArch/olin-cafe-f22/labs/02_etch_a_sketch/hdl/block_rom.sv:16]
WARNING: [Synth 8-3848] Net rom in module/entity block_rom does not have driver. [/home/ieykamp/Olin/CompArch/olin-cafe-f22/labs/02_etch_a_sketch/hdl/block_rom.sv:16]
WARNING: [Synth 8-3848] Net rom in module/entity block_rom does not have driver. [/home/ieykamp/Olin/CompArch/olin-cafe-f22/labs/02_etch_a_sketch/hdl/block_rom.sv:16]
WARNING: [Synth 8-3848] Net rom in module/entity block_rom does not have driver. [/home/ieykamp/Olin/CompArch/olin-cafe-f22/labs/02_etch_a_sketch/hdl/block_rom.sv:16]
WARNING: [Synth 8-3848] Net rom in module/entity block_rom does not have driver. [/home/ieykamp/Olin/CompArch/olin-cafe-f22/labs/02_etch_a_sketch/hdl/block_rom.sv:16]
WARNING: [Synth 8-3848] Net rom in module/entity block_rom does not have driver. [/home/ieykamp/Olin/CompArch/olin-cafe-f22/labs/02_etch_a_sketch/hdl/block_rom.sv:16]
WARNING: [Synth 8-3848] Net rom in module/entity block_rom does not have driver. [/home/ieykamp/Olin/CompArch/olin-cafe-f22/labs/02_etch_a_sketch/hdl/block_rom.sv:16]
WARNING: [Synth 8-3848] Net rom in module/entity block_rom does not have driver. [/home/ieykamp/Olin/CompArch/olin-cafe-f22/labs/02_etch_a_sketch/hdl/block_rom.sv:16]
WARNING: [Synth 8-3848] Net rom in module/entity block_rom does not have driver. [/home/ieykamp/Olin/CompArch/olin-cafe-f22/labs/02_etch_a_sketch/hdl/block_rom.sv:16]
WARNING: [Synth 8-3848] Net rom in module/entity block_rom does not have driver. [/home/ieykamp/Olin/CompArch/olin-cafe-f22/labs/02_etch_a_sketch/hdl/block_rom.sv:16]
WARNING: [Synth 8-3848] Net rom in module/entity block_rom does not have driver. [/home/ieykamp/Olin/CompArch/olin-cafe-f22/labs/02_etch_a_sketch/hdl/block_rom.sv:16]
WARNING: [Synth 8-3848] Net rom in module/entity block_rom does not have driver. [/home/ieykamp/Olin/CompArch/olin-cafe-f22/labs/02_etch_a_sketch/hdl/block_rom.sv:16]
WARNING: [Synth 8-3848] Net rom in module/entity block_rom does not have driver. [/home/ieykamp/Olin/CompArch/olin-cafe-f22/labs/02_etch_a_sketch/hdl/block_rom.sv:16]
WARNING: [Synth 8-3848] Net rom in module/entity block_rom does not have driver. [/home/ieykamp/Olin/CompArch/olin-cafe-f22/labs/02_etch_a_sketch/hdl/block_rom.sv:16]
WARNING: [Synth 8-3848] Net rom in module/entity block_rom does not have driver. [/home/ieykamp/Olin/CompArch/olin-cafe-f22/labs/02_etch_a_sketch/hdl/block_rom.sv:16]
WARNING: [Synth 8-3848] Net rom in module/entity block_rom does not have driver. [/home/ieykamp/Olin/CompArch/olin-cafe-f22/labs/02_etch_a_sketch/hdl/block_rom.sv:16]
WARNING: [Synth 8-3848] Net rom in module/entity block_rom does not have driver. [/home/ieykamp/Olin/CompArch/olin-cafe-f22/labs/02_etch_a_sketch/hdl/block_rom.sv:16]
WARNING: [Synth 8-3848] Net rom in module/entity block_rom does not have driver. [/home/ieykamp/Olin/CompArch/olin-cafe-f22/labs/02_etch_a_sketch/hdl/block_rom.sv:16]
WARNING: [Synth 8-3848] Net rom in module/entity block_rom does not have driver. [/home/ieykamp/Olin/CompArch/olin-cafe-f22/labs/02_etch_a_sketch/hdl/block_rom.sv:16]
WARNING: [Synth 8-3848] Net rom in module/entity block_rom does not have driver. [/home/ieykamp/Olin/CompArch/olin-cafe-f22/labs/02_etch_a_sketch/hdl/block_rom.sv:16]
WARNING: [Synth 8-3848] Net rom in module/entity block_rom does not have driver. [/home/ieykamp/Olin/CompArch/olin-cafe-f22/labs/02_etch_a_sketch/hdl/block_rom.sv:16]
WARNING: [Synth 8-3848] Net rom in module/entity block_rom does not have driver. [/home/ieykamp/Olin/CompArch/olin-cafe-f22/labs/02_etch_a_sketch/hdl/block_rom.sv:16]
WARNING: [Synth 8-3848] Net rom in module/entity block_rom does not have driver. [/home/ieykamp/Olin/CompArch/olin-cafe-f22/labs/02_etch_a_sketch/hdl/block_rom.sv:16]
WARNING: [Synth 8-3848] Net rom in module/entity block_rom does not have driver. [/home/ieykamp/Olin/CompArch/olin-cafe-f22/labs/02_etch_a_sketch/hdl/block_rom.sv:16]
WARNING: [Synth 8-3848] Net rom in module/entity block_rom does not have driver. [/home/ieykamp/Olin/CompArch/olin-cafe-f22/labs/02_etch_a_sketch/hdl/block_rom.sv:16]
WARNING: [Synth 8-3848] Net rom in module/entity block_rom does not have driver. [/home/ieykamp/Olin/CompArch/olin-cafe-f22/labs/02_etch_a_sketch/hdl/block_rom.sv:16]
WARNING: [Synth 8-3848] Net rom in module/entity block_rom does not have driver. [/home/ieykamp/Olin/CompArch/olin-cafe-f22/labs/02_etch_a_sketch/hdl/block_rom.sv:16]
WARNING: [Synth 8-3848] Net rom in module/entity block_rom does not have driver. [/home/ieykamp/Olin/CompArch/olin-cafe-f22/labs/02_etch_a_sketch/hdl/block_rom.sv:16]
WARNING: [Synth 8-3848] Net rom in module/entity block_rom does not have driver. [/home/ieykamp/Olin/CompArch/olin-cafe-f22/labs/02_etch_a_sketch/hdl/block_rom.sv:16]
WARNING: [Synth 8-3848] Net rom in module/entity block_rom does not have driver. [/home/ieykamp/Olin/CompArch/olin-cafe-f22/labs/02_etch_a_sketch/hdl/block_rom.sv:16]
WARNING: [Synth 8-3848] Net rom in module/entity block_rom does not have driver. [/home/ieykamp/Olin/CompArch/olin-cafe-f22/labs/02_etch_a_sketch/hdl/block_rom.sv:16]
WARNING: [Synth 8-3848] Net rom in module/entity block_rom does not have driver. [/home/ieykamp/Olin/CompArch/olin-cafe-f22/labs/02_etch_a_sketch/hdl/block_rom.sv:16]
WARNING: [Synth 8-3848] Net rom in module/entity block_rom does not have driver. [/home/ieykamp/Olin/CompArch/olin-cafe-f22/labs/02_etch_a_sketch/hdl/block_rom.sv:16]
WARNING: [Synth 8-3848] Net rom in module/entity block_rom does not have driver. [/home/ieykamp/Olin/CompArch/olin-cafe-f22/labs/02_etch_a_sketch/hdl/block_rom.sv:16]
WARNING: [Synth 8-3848] Net rom in module/entity block_rom does not have driver. [/home/ieykamp/Olin/CompArch/olin-cafe-f22/labs/02_etch_a_sketch/hdl/block_rom.sv:16]
WARNING: [Synth 8-3848] Net rom in module/entity block_rom does not have driver. [/home/ieykamp/Olin/CompArch/olin-cafe-f22/labs/02_etch_a_sketch/hdl/block_rom.sv:16]
WARNING: [Synth 8-3848] Net rom in module/entity block_rom does not have driver. [/home/ieykamp/Olin/CompArch/olin-cafe-f22/labs/02_etch_a_sketch/hdl/block_rom.sv:16]
WARNING: [Synth 8-3848] Net rom in module/entity block_rom does not have driver. [/home/ieykamp/Olin/CompArch/olin-cafe-f22/labs/02_etch_a_sketch/hdl/block_rom.sv:16]
WARNING: [Synth 8-3848] Net rom in module/entity block_rom does not have driver. [/home/ieykamp/Olin/CompArch/olin-cafe-f22/labs/02_etch_a_sketch/hdl/block_rom.sv:16]
WARNING: [Synth 8-3848] Net rom in module/entity block_rom does not have driver. [/home/ieykamp/Olin/CompArch/olin-cafe-f22/labs/02_etch_a_sketch/hdl/block_rom.sv:16]
WARNING: [Synth 8-3848] Net rom in module/entity block_rom does not have driver. [/home/ieykamp/Olin/CompArch/olin-cafe-f22/labs/02_etch_a_sketch/hdl/block_rom.sv:16]
WARNING: [Synth 8-3848] Net rom in module/entity block_rom does not have driver. [/home/ieykamp/Olin/CompArch/olin-cafe-f22/labs/02_etch_a_sketch/hdl/block_rom.sv:16]
WARNING: [Synth 8-3848] Net rom in module/entity block_rom does not have driver. [/home/ieykamp/Olin/CompArch/olin-cafe-f22/labs/02_etch_a_sketch/hdl/block_rom.sv:16]
WARNING: [Synth 8-3848] Net rom in module/entity block_rom does not have driver. [/home/ieykamp/Olin/CompArch/olin-cafe-f22/labs/02_etch_a_sketch/hdl/block_rom.sv:16]
WARNING: [Synth 8-3848] Net rom in module/entity block_rom does not have driver. [/home/ieykamp/Olin/CompArch/olin-cafe-f22/labs/02_etch_a_sketch/hdl/block_rom.sv:16]
WARNING: [Synth 8-3848] Net rom in module/entity block_rom does not have driver. [/home/ieykamp/Olin/CompArch/olin-cafe-f22/labs/02_etch_a_sketch/hdl/block_rom.sv:16]
WARNING: [Synth 8-3848] Net rom in module/entity block_rom does not have driver. [/home/ieykamp/Olin/CompArch/olin-cafe-f22/labs/02_etch_a_sketch/hdl/block_rom.sv:16]
WARNING: [Synth 8-3848] Net rom in module/entity block_rom does not have driver. [/home/ieykamp/Olin/CompArch/olin-cafe-f22/labs/02_etch_a_sketch/hdl/block_rom.sv:16]
WARNING: [Synth 8-3848] Net rom in module/entity block_rom does not have driver. [/home/ieykamp/Olin/CompArch/olin-cafe-f22/labs/02_etch_a_sketch/hdl/block_rom.sv:16]
WARNING: [Synth 8-3848] Net rom in module/entity block_rom does not have driver. [/home/ieykamp/Olin/CompArch/olin-cafe-f22/labs/02_etch_a_sketch/hdl/block_rom.sv:16]
WARNING: [Synth 8-3848] Net rom in module/entity block_rom does not have driver. [/home/ieykamp/Olin/CompArch/olin-cafe-f22/labs/02_etch_a_sketch/hdl/block_rom.sv:16]
WARNING: [Synth 8-3848] Net rom in module/entity block_rom does not have driver. [/home/ieykamp/Olin/CompArch/olin-cafe-f22/labs/02_etch_a_sketch/hdl/block_rom.sv:16]
WARNING: [Synth 8-3848] Net rom in module/entity block_rom does not have driver. [/home/ieykamp/Olin/CompArch/olin-cafe-f22/labs/02_etch_a_sketch/hdl/block_rom.sv:16]
WARNING: [Synth 8-3848] Net rom in module/entity block_rom does not have driver. [/home/ieykamp/Olin/CompArch/olin-cafe-f22/labs/02_etch_a_sketch/hdl/block_rom.sv:16]
WARNING: [Synth 8-3848] Net rom in module/entity block_rom does not have driver. [/home/ieykamp/Olin/CompArch/olin-cafe-f22/labs/02_etch_a_sketch/hdl/block_rom.sv:16]
WARNING: [Synth 8-3848] Net rom in module/entity block_rom does not have driver. [/home/ieykamp/Olin/CompArch/olin-cafe-f22/labs/02_etch_a_sketch/hdl/block_rom.sv:16]
WARNING: [Synth 8-3848] Net rom in module/entity block_rom does not have driver. [/home/ieykamp/Olin/CompArch/olin-cafe-f22/labs/02_etch_a_sketch/hdl/block_rom.sv:16]
WARNING: [Synth 8-3848] Net rom in module/entity block_rom does not have driver. [/home/ieykamp/Olin/CompArch/olin-cafe-f22/labs/02_etch_a_sketch/hdl/block_rom.sv:16]
WARNING: [Synth 8-3848] Net rom in module/entity block_rom does not have driver. [/home/ieykamp/Olin/CompArch/olin-cafe-f22/labs/02_etch_a_sketch/hdl/block_rom.sv:16]
WARNING: [Synth 8-3848] Net rom in module/entity block_rom does not have driver. [/home/ieykamp/Olin/CompArch/olin-cafe-f22/labs/02_etch_a_sketch/hdl/block_rom.sv:16]
WARNING: [Synth 8-3848] Net rom in module/entity block_rom does not have driver. [/home/ieykamp/Olin/CompArch/olin-cafe-f22/labs/02_etch_a_sketch/hdl/block_rom.sv:16]
WARNING: [Synth 8-3848] Net rom in module/entity block_rom does not have driver. [/home/ieykamp/Olin/CompArch/olin-cafe-f22/labs/02_etch_a_sketch/hdl/block_rom.sv:16]
WARNING: [Synth 8-3848] Net rom in module/entity block_rom does not have driver. [/home/ieykamp/Olin/CompArch/olin-cafe-f22/labs/02_etch_a_sketch/hdl/block_rom.sv:16]
WARNING: [Synth 8-3848] Net rom in module/entity block_rom does not have driver. [/home/ieykamp/Olin/CompArch/olin-cafe-f22/labs/02_etch_a_sketch/hdl/block_rom.sv:16]
WARNING: [Synth 8-3848] Net rom in module/entity block_rom does not have driver. [/home/ieykamp/Olin/CompArch/olin-cafe-f22/labs/02_etch_a_sketch/hdl/block_rom.sv:16]
WARNING: [Synth 8-3848] Net rom in module/entity block_rom does not have driver. [/home/ieykamp/Olin/CompArch/olin-cafe-f22/labs/02_etch_a_sketch/hdl/block_rom.sv:16]
WARNING: [Synth 8-3848] Net rom in module/entity block_rom does not have driver. [/home/ieykamp/Olin/CompArch/olin-cafe-f22/labs/02_etch_a_sketch/hdl/block_rom.sv:16]
WARNING: [Synth 8-3848] Net rom in module/entity block_rom does not have driver. [/home/ieykamp/Olin/CompArch/olin-cafe-f22/labs/02_etch_a_sketch/hdl/block_rom.sv:16]
WARNING: [Synth 8-3848] Net rom in module/entity block_rom does not have driver. [/home/ieykamp/Olin/CompArch/olin-cafe-f22/labs/02_etch_a_sketch/hdl/block_rom.sv:16]
WARNING: [Synth 8-3848] Net rom in module/entity block_rom does not have driver. [/home/ieykamp/Olin/CompArch/olin-cafe-f22/labs/02_etch_a_sketch/hdl/block_rom.sv:16]
WARNING: [Synth 8-3848] Net rom in module/entity block_rom does not have driver. [/home/ieykamp/Olin/CompArch/olin-cafe-f22/labs/02_etch_a_sketch/hdl/block_rom.sv:16]
WARNING: [Synth 8-3848] Net rom in module/entity block_rom does not have driver. [/home/ieykamp/Olin/CompArch/olin-cafe-f22/labs/02_etch_a_sketch/hdl/block_rom.sv:16]
WARNING: [Synth 8-3848] Net rom in module/entity block_rom does not have driver. [/home/ieykamp/Olin/CompArch/olin-cafe-f22/labs/02_etch_a_sketch/hdl/block_rom.sv:16]
INFO: [Common 17-14] Message 'Synth 8-3848' appears 100 times and further instances of the messages will be disabled. Use the Tcl command set_msg_config to change the current settings.
WARNING: [Synth 8-6014] Unused sequential element clk_divider_counter_reg was removed.  [/home/ieykamp/Olin/CompArch/olin-cafe-f22/labs/02_etch_a_sketch/hdl/i2c_controller.sv:57]
WARNING: [Synth 8-6014] Unused sequential element bit_counter_reg was removed.  [/home/ieykamp/Olin/CompArch/olin-cafe-f22/labs/02_etch_a_sketch/hdl/i2c_controller.sv:59]
WARNING: [Synth 8-6014] Unused sequential element state_reg was removed.  [/home/ieykamp/Olin/CompArch/olin-cafe-f22/labs/02_etch_a_sketch/hdl/i2c_controller.sv:63]
WARNING: [Synth 8-6014] Unused sequential element bytes_counter_reg was removed.  [/home/ieykamp/Olin/CompArch/olin-cafe-f22/labs/02_etch_a_sketch/hdl/ft6206_controller.sv:68]
WARNING: [Synth 8-6014] Unused sequential element touch0_buffer_reg[weight] was removed.  [/home/ieykamp/Olin/CompArch/olin-cafe-f22/labs/02_etch_a_sketch/hdl/ft6206_controller.sv:70]
WARNING: [Synth 8-6014] Unused sequential element touch0_buffer_reg[area] was removed.  [/home/ieykamp/Olin/CompArch/olin-cafe-f22/labs/02_etch_a_sketch/hdl/ft6206_controller.sv:70]
WARNING: [Synth 8-6014] Unused sequential element touch0_buffer_reg[gesture] was removed.  [/home/ieykamp/Olin/CompArch/olin-cafe-f22/labs/02_etch_a_sketch/hdl/ft6206_controller.sv:70]
WARNING: [Synth 8-6014] Unused sequential element touch1_buffer_reg[valid] was removed.  [/home/ieykamp/Olin/CompArch/olin-cafe-f22/labs/02_etch_a_sketch/hdl/ft6206_controller.sv:71]
WARNING: [Synth 8-6014] Unused sequential element touch1_buffer_reg[x] was removed.  [/home/ieykamp/Olin/CompArch/olin-cafe-f22/labs/02_etch_a_sketch/hdl/ft6206_controller.sv:71]
WARNING: [Synth 8-6014] Unused sequential element touch1_buffer_reg[y] was removed.  [/home/ieykamp/Olin/CompArch/olin-cafe-f22/labs/02_etch_a_sketch/hdl/ft6206_controller.sv:71]
WARNING: [Synth 8-6014] Unused sequential element touch1_buffer_reg[weight] was removed.  [/home/ieykamp/Olin/CompArch/olin-cafe-f22/labs/02_etch_a_sketch/hdl/ft6206_controller.sv:71]
WARNING: [Synth 8-6014] Unused sequential element touch1_buffer_reg[area] was removed.  [/home/ieykamp/Olin/CompArch/olin-cafe-f22/labs/02_etch_a_sketch/hdl/ft6206_controller.sv:71]
WARNING: [Synth 8-6014] Unused sequential element touch1_buffer_reg[id] was removed.  [/home/ieykamp/Olin/CompArch/olin-cafe-f22/labs/02_etch_a_sketch/hdl/ft6206_controller.sv:71]
WARNING: [Synth 8-6014] Unused sequential element touch1_buffer_reg[contact] was removed.  [/home/ieykamp/Olin/CompArch/olin-cafe-f22/labs/02_etch_a_sketch/hdl/ft6206_controller.sv:71]
WARNING: [Synth 8-6014] Unused sequential element touch1_buffer_reg[gesture] was removed.  [/home/ieykamp/Olin/CompArch/olin-cafe-f22/labs/02_etch_a_sketch/hdl/ft6206_controller.sv:71]
WARNING: [Synth 8-3917] design main has port rgb[2] driven by constant 1
WARNING: [Synth 8-3917] design main has port rgb[1] driven by constant 1
WARNING: [Synth 8-3917] design main has port rgb[0] driven by constant 0
WARNING: [Synth 8-3917] design main has port pmod[7] driven by constant 0
WARNING: [Synth 8-3917] design main has port pmod[6] driven by constant 0
WARNING: [Synth 8-3917] design main has port pmod[5] driven by constant 0
WARNING: [Synth 8-3917] design main has port pmod[4] driven by constant 0
WARNING: [Synth 8-3917] design main has port pmod[3] driven by constant 0
WARNING: [Synth 8-3917] design main has port pmod[2] driven by constant 0
WARNING: [Synth 8-3917] design main has port backlight driven by constant 1
WARNING: [Synth 8-7129] Port mode in module i2c_controller is either unconnected or has no load
WARNING: [Synth 8-7129] Port i_valid in module i2c_controller is either unconnected or has no load
WARNING: [Synth 8-7129] Port i_addr[6] in module i2c_controller is either unconnected or has no load
WARNING: [Synth 8-7129] Port i_addr[5] in module i2c_controller is either unconnected or has no load
WARNING: [Synth 8-7129] Port i_addr[4] in module i2c_controller is either unconnected or has no load
WARNING: [Synth 8-7129] Port i_addr[3] in module i2c_controller is either unconnected or has no load
WARNING: [Synth 8-7129] Port i_addr[2] in module i2c_controller is either unconnected or has no load
WARNING: [Synth 8-7129] Port i_addr[1] in module i2c_controller is either unconnected or has no load
WARNING: [Synth 8-7129] Port i_addr[0] in module i2c_controller is either unconnected or has no load
WARNING: [Synth 8-7129] Port i_data[7] in module i2c_controller is either unconnected or has no load
WARNING: [Synth 8-7129] Port i_data[6] in module i2c_controller is either unconnected or has no load
WARNING: [Synth 8-7129] Port i_data[5] in module i2c_controller is either unconnected or has no load
WARNING: [Synth 8-7129] Port i_data[4] in module i2c_controller is either unconnected or has no load
WARNING: [Synth 8-7129] Port i_data[3] in module i2c_controller is either unconnected or has no load
WARNING: [Synth 8-7129] Port i_data[2] in module i2c_controller is either unconnected or has no load
WARNING: [Synth 8-7129] Port i_data[1] in module i2c_controller is either unconnected or has no load
WARNING: [Synth 8-7129] Port i_data[0] in module i2c_controller is either unconnected or has no load
WARNING: [Synth 8-7129] Port o_ready in module i2c_controller is either unconnected or has no load
WARNING: [Synth 8-7129] Port miso in module spi_controller is either unconnected or has no load
WARNING: [Synth 8-7129] Port i_valid in module spi_controller is either unconnected or has no load
WARNING: [Synth 8-7129] Port i_data[15] in module spi_controller is either unconnected or has no load
WARNING: [Synth 8-7129] Port i_data[14] in module spi_controller is either unconnected or has no load
WARNING: [Synth 8-7129] Port i_data[13] in module spi_controller is either unconnected or has no load
WARNING: [Synth 8-7129] Port i_data[12] in module spi_controller is either unconnected or has no load
WARNING: [Synth 8-7129] Port i_data[11] in module spi_controller is either unconnected or has no load
WARNING: [Synth 8-7129] Port i_data[10] in module spi_controller is either unconnected or has no load
WARNING: [Synth 8-7129] Port i_data[9] in module spi_controller is either unconnected or has no load
WARNING: [Synth 8-7129] Port i_data[8] in module spi_controller is either unconnected or has no load
WARNING: [Synth 8-7129] Port i_data[7] in module spi_controller is either unconnected or has no load
WARNING: [Synth 8-7129] Port i_data[6] in module spi_controller is either unconnected or has no load
WARNING: [Synth 8-7129] Port i_data[5] in module spi_controller is either unconnected or has no load
WARNING: [Synth 8-7129] Port i_data[4] in module spi_controller is either unconnected or has no load
WARNING: [Synth 8-7129] Port i_data[3] in module spi_controller is either unconnected or has no load
WARNING: [Synth 8-7129] Port i_data[2] in module spi_controller is either unconnected or has no load
WARNING: [Synth 8-7129] Port i_data[1] in module spi_controller is either unconnected or has no load
WARNING: [Synth 8-7129] Port i_data[0] in module spi_controller is either unconnected or has no load
WARNING: [Synth 8-7129] Port o_ready in module spi_controller is either unconnected or has no load
WARNING: [Synth 8-7129] Port touch[x][11] in module ili9341_display_controller is either unconnected or has no load
WARNING: [Synth 8-7129] Port touch[x][10] in module ili9341_display_controller is either unconnected or has no load
WARNING: [Synth 8-7129] Port touch[x][9] in module ili9341_display_controller is either unconnected or has no load
WARNING: [Synth 8-7129] Port touch[x][8] in module ili9341_display_controller is either unconnected or has no load
WARNING: [Synth 8-7129] Port touch[x][1] in module ili9341_display_controller is either unconnected or has no load
WARNING: [Synth 8-7129] Port touch[x][0] in module ili9341_display_controller is either unconnected or has no load
WARNING: [Synth 8-7129] Port touch[y][11] in module ili9341_display_controller is either unconnected or has no load
WARNING: [Synth 8-7129] Port touch[y][10] in module ili9341_display_controller is either unconnected or has no load
WARNING: [Synth 8-7129] Port touch[y][9] in module ili9341_display_controller is either unconnected or has no load
WARNING: [Synth 8-7129] Port touch[y][1] in module ili9341_display_controller is either unconnected or has no load
WARNING: [Synth 8-7129] Port touch[y][0] in module ili9341_display_controller is either unconnected or has no load
WARNING: [Synth 8-7129] Port touch[weight][7] in module ili9341_display_controller is either unconnected or has no load
WARNING: [Synth 8-7129] Port touch[weight][6] in module ili9341_display_controller is either unconnected or has no load
WARNING: [Synth 8-7129] Port touch[weight][5] in module ili9341_display_controller is either unconnected or has no load
WARNING: [Synth 8-7129] Port touch[weight][4] in module ili9341_display_controller is either unconnected or has no load
WARNING: [Synth 8-7129] Port touch[weight][3] in module ili9341_display_controller is either unconnected or has no load
WARNING: [Synth 8-7129] Port touch[weight][2] in module ili9341_display_controller is either unconnected or has no load
WARNING: [Synth 8-7129] Port touch[weight][1] in module ili9341_display_controller is either unconnected or has no load
WARNING: [Synth 8-7129] Port touch[weight][0] in module ili9341_display_controller is either unconnected or has no load
WARNING: [Synth 8-7129] Port touch[area][3] in module ili9341_display_controller is either unconnected or has no load
WARNING: [Synth 8-7129] Port touch[area][2] in module ili9341_display_controller is either unconnected or has no load
WARNING: [Synth 8-7129] Port touch[area][1] in module ili9341_display_controller is either unconnected or has no load
WARNING: [Synth 8-7129] Port touch[area][0] in module ili9341_display_controller is either unconnected or has no load
WARNING: [Synth 8-7129] Port touch[id][3] in module ili9341_display_controller is either unconnected or has no load
WARNING: [Synth 8-7129] Port touch[id][2] in module ili9341_display_controller is either unconnected or has no load
WARNING: [Synth 8-7129] Port touch[id][1] in module ili9341_display_controller is either unconnected or has no load
WARNING: [Synth 8-7129] Port touch[id][0] in module ili9341_display_controller is either unconnected or has no load
WARNING: [Synth 8-7129] Port touch[contact][1] in module ili9341_display_controller is either unconnected or has no load
WARNING: [Synth 8-7129] Port touch[contact][0] in module ili9341_display_controller is either unconnected or has no load
WARNING: [Synth 8-7129] Port touch[gesture][7] in module ili9341_display_controller is either unconnected or has no load
WARNING: [Synth 8-7129] Port touch[gesture][6] in module ili9341_display_controller is either unconnected or has no load
WARNING: [Synth 8-7129] Port touch[gesture][5] in module ili9341_display_controller is either unconnected or has no load
WARNING: [Synth 8-7129] Port touch[gesture][4] in module ili9341_display_controller is either unconnected or has no load
WARNING: [Synth 8-7129] Port touch[gesture][3] in module ili9341_display_controller is either unconnected or has no load
WARNING: [Synth 8-7129] Port touch[gesture][2] in module ili9341_display_controller is either unconnected or has no load
WARNING: [Synth 8-7129] Port touch[gesture][1] in module ili9341_display_controller is either unconnected or has no load
WARNING: [Synth 8-7129] Port touch[gesture][0] in module ili9341_display_controller is either unconnected or has no load
WARNING: [Synth 8-7129] Port touch_irq in module main is either unconnected or has no load
---------------------------------------------------------------------------------
Finished RTL Elaboration : Time (s): cpu = 00:00:05 ; elapsed = 00:00:05 . Memory (MB): peak = 2604.816 ; gain = 0.000 ; free physical = 5673 ; free virtual = 12850
---------------------------------------------------------------------------------
---------------------------------------------------------------------------------
Start Handling Custom Attributes
---------------------------------------------------------------------------------
---------------------------------------------------------------------------------
Finished Handling Custom Attributes : Time (s): cpu = 00:00:05 ; elapsed = 00:00:06 . Memory (MB): peak = 2604.816 ; gain = 0.000 ; free physical = 5673 ; free virtual = 12851
---------------------------------------------------------------------------------
---------------------------------------------------------------------------------
Finished RTL Optimization Phase 1 : Time (s): cpu = 00:00:05 ; elapsed = 00:00:06 . Memory (MB): peak = 2604.816 ; gain = 0.000 ; free physical = 5673 ; free virtual = 12851
---------------------------------------------------------------------------------
Netlist sorting complete. Time (s): cpu = 00:00:00.02 ; elapsed = 00:00:00.02 . Memory (MB): peak = 2604.816 ; gain = 0.000 ; free physical = 5665 ; free virtual = 12843
INFO: [Netlist 29-17] Analyzing 1 Unisim elements for replacement
INFO: [Netlist 29-28] Unisim Transformation completed in 0 CPU seconds
INFO: [Project 1-570] Preparing netlist for logic optimization

Processing XDC Constraints
Initializing timing engine
Parsing XDC File [/home/ieykamp/Olin/CompArch/olin-cafe-f22/labs/02_etch_a_sketch/main.xdc]
Finished Parsing XDC File [/home/ieykamp/Olin/CompArch/olin-cafe-f22/labs/02_etch_a_sketch/main.xdc]
INFO: [Project 1-236] Implementation specific constraints were found while reading constraint file [/home/ieykamp/Olin/CompArch/olin-cafe-f22/labs/02_etch_a_sketch/main.xdc]. These constraints will be ignored for synthesis but will be used in implementation. Impacted constraints are listed in the file [.Xil/main_propImpl.xdc].
Resolution: To avoid this warning, move constraints listed in [.Xil/main_propImpl.xdc] to another XDC file and exclude this new file from synthesis with the used_in_synthesis property (File Properties dialog in GUI) and re-run elaboration/synthesis.
INFO: [Timing 38-2] Deriving generated clocks
Completed Processing XDC Constraints

Netlist sorting complete. Time (s): cpu = 00:00:00 ; elapsed = 00:00:00 . Memory (MB): peak = 2668.832 ; gain = 0.000 ; free physical = 5573 ; free virtual = 12758
INFO: [Project 1-111] Unisim Transformation Summary:
  A total of 1 instances were transformed.
  MMCME2_BASE => MMCME2_ADV: 1 instance 

Constraint Validation Runtime : Time (s): cpu = 00:00:00.01 ; elapsed = 00:00:00.01 . Memory (MB): peak = 2668.832 ; gain = 0.000 ; free physical = 5573 ; free virtual = 12758
---------------------------------------------------------------------------------
Finished Constraint Validation : Time (s): cpu = 00:00:11 ; elapsed = 00:00:12 . Memory (MB): peak = 2668.832 ; gain = 64.016 ; free physical = 5634 ; free virtual = 12812
---------------------------------------------------------------------------------
---------------------------------------------------------------------------------
Start Loading Part and Timing Information
---------------------------------------------------------------------------------
Loading part: xc7a35tcpg236-1
---------------------------------------------------------------------------------
Finished Loading Part and Timing Information : Time (s): cpu = 00:00:11 ; elapsed = 00:00:12 . Memory (MB): peak = 2668.832 ; gain = 64.016 ; free physical = 5634 ; free virtual = 12812
---------------------------------------------------------------------------------
---------------------------------------------------------------------------------
Start Applying 'set_property' XDC Constraints
---------------------------------------------------------------------------------
---------------------------------------------------------------------------------
Finished applying 'set_property' XDC Constraints : Time (s): cpu = 00:00:11 ; elapsed = 00:00:12 . Memory (MB): peak = 2668.832 ; gain = 64.016 ; free physical = 5634 ; free virtual = 12812
---------------------------------------------------------------------------------
INFO: [Synth 8-802] inferred FSM for state register 'state_reg' in module 'spi_controller'
---------------------------------------------------------------------------------------------------
                   State |                     New Encoding |                Previous Encoding 
---------------------------------------------------------------------------------------------------
*
                  iSTATE |                               01 |                              101
                  S_IDLE |                               10 |                              000
---------------------------------------------------------------------------------------------------
INFO: [Synth 8-3354] encoded FSM with state register 'state_reg' using encoding 'one-hot' in module 'spi_controller'
---------------------------------------------------------------------------------
Finished RTL Optimization Phase 2 : Time (s): cpu = 00:00:12 ; elapsed = 00:00:12 . Memory (MB): peak = 2668.832 ; gain = 64.016 ; free physical = 5615 ; free virtual = 12805
---------------------------------------------------------------------------------
INFO: [Synth 8-223] decloning instance 'ticks_reset_value__2' (adder_n__parameterized2) to 'ticks_reset_value__3'
INFO: [Synth 8-223] decloning instance 'ticks_reset_value__2' (adder_n__parameterized2) to 'ticks_reset_value__4'
INFO: [Synth 8-223] decloning instance 'ticks_reset_value__2' (adder_n__parameterized2) to 'ticks_reset_value__5'
---------------------------------------------------------------------------------
Start RTL Component Statistics 
---------------------------------------------------------------------------------
Detailed RTL Component Info : 
+---Adders : 
	   2 Input   22 Bit       Adders := 1     
	   2 Input   12 Bit       Adders := 2     
	   2 Input    9 Bit       Adders := 1     
	   2 Input    8 Bit       Adders := 2     
	   2 Input    7 Bit       Adders := 1     
	   2 Input    5 Bit       Adders := 1     
+---XORs : 
	   2 Input      1 Bit         XORs := 414   
+---Registers : 
	               27 Bit    Registers := 1     
	               24 Bit    Registers := 2     
	               22 Bit    Registers := 1     
	               21 Bit    Registers := 1     
	               16 Bit    Registers := 2     
	               12 Bit    Registers := 5     
	                9 Bit    Registers := 6     
	                8 Bit    Registers := 6     
	                7 Bit    Registers := 1     
	                5 Bit    Registers := 3     
	                4 Bit    Registers := 3     
	                3 Bit    Registers := 4     
	                2 Bit    Registers := 4     
	                1 Bit    Registers := 11    
+---RAMs : 
	            1200K Bit	(76800 X 16 bit)          RAMs := 1     
+---Muxes : 
	   2 Input   27 Bit        Muxes := 2     
	   2 Input   24 Bit        Muxes := 1     
	   8 Input   22 Bit        Muxes := 1     
	   2 Input   22 Bit        Muxes := 1     
	   3 Input   21 Bit        Muxes := 1     
	   2 Input   21 Bit        Muxes := 1     
	   2 Input   17 Bit        Muxes := 1     
	   8 Input   16 Bit        Muxes := 1     
	   2 Input   16 Bit        Muxes := 1     
	   3 Input   16 Bit        Muxes := 1     
	   7 Input   12 Bit        Muxes := 2     
	   2 Input   12 Bit        Muxes := 2     
	  11 Input   12 Bit        Muxes := 2     
	   7 Input    9 Bit        Muxes := 1     
	   2 Input    9 Bit        Muxes := 9     
	   7 Input    8 Bit        Muxes := 1     
	   2 Input    8 Bit        Muxes := 3     
	   3 Input    8 Bit        Muxes := 1     
	   8 Input    8 Bit        Muxes := 1     
	  23 Input    8 Bit        Muxes := 1     
	  11 Input    8 Bit        Muxes := 1     
	   4 Input    8 Bit        Muxes := 1     
	   4 Input    5 Bit        Muxes := 1     
	   2 Input    5 Bit        Muxes := 2     
	  11 Input    5 Bit        Muxes := 2     
	   3 Input    4 Bit        Muxes := 1     
	   7 Input    3 Bit        Muxes := 2     
	   8 Input    3 Bit        Muxes := 2     
	   2 Input    3 Bit        Muxes := 2     
	   3 Input    3 Bit        Muxes := 1     
	   3 Input    2 Bit        Muxes := 1     
	   2 Input    2 Bit        Muxes := 1     
	   2 Input    1 Bit        Muxes := 32    
	   7 Input    1 Bit        Muxes := 11    
	   8 Input    1 Bit        Muxes := 8     
	   3 Input    1 Bit        Muxes := 3     
	  11 Input    1 Bit        Muxes := 11    
	   6 Input    1 Bit        Muxes := 4     
	  10 Input    1 Bit        Muxes := 1     
---------------------------------------------------------------------------------
Finished RTL Component Statistics 
---------------------------------------------------------------------------------
---------------------------------------------------------------------------------
Start Part Resource Summary
---------------------------------------------------------------------------------
Part Resources:
DSPs: 90 (col length:60)
BRAMs: 100 (col length: RAMB18 60 RAMB36 30)
---------------------------------------------------------------------------------
Finished Part Resource Summary
---------------------------------------------------------------------------------
---------------------------------------------------------------------------------
Start Cross Boundary and Area Optimization
---------------------------------------------------------------------------------
WARNING: [Synth 8-7080] Parallel synthesis criteria is not met
WARNING: [Synth 8-3917] design main has port rgb[2] driven by constant 1
WARNING: [Synth 8-3917] design main has port rgb[1] driven by constant 1
WARNING: [Synth 8-3917] design main has port rgb[0] driven by constant 0
WARNING: [Synth 8-3917] design main has port pmod[7] driven by constant 0
WARNING: [Synth 8-3917] design main has port pmod[6] driven by constant 0
WARNING: [Synth 8-3917] design main has port pmod[5] driven by constant 0
WARNING: [Synth 8-3917] design main has port pmod[4] driven by constant 0
WARNING: [Synth 8-3917] design main has port pmod[3] driven by constant 0
WARNING: [Synth 8-3917] design main has port pmod[2] driven by constant 0
WARNING: [Synth 8-3917] design main has port backlight driven by constant 1
WARNING: [Synth 8-7129] Port spi_miso in module ili9341_display_controller is either unconnected or has no load
WARNING: [Synth 8-7129] Port touch[x][11] in module ili9341_display_controller is either unconnected or has no load
WARNING: [Synth 8-7129] Port touch[x][10] in module ili9341_display_controller is either unconnected or has no load
WARNING: [Synth 8-7129] Port touch[x][9] in module ili9341_display_controller is either unconnected or has no load
WARNING: [Synth 8-7129] Port touch[x][8] in module ili9341_display_controller is either unconnected or has no load
WARNING: [Synth 8-7129] Port touch[x][1] in module ili9341_display_controller is either unconnected or has no load
WARNING: [Synth 8-7129] Port touch[x][0] in module ili9341_display_controller is either unconnected or has no load
WARNING: [Synth 8-7129] Port touch[y][11] in module ili9341_display_controller is either unconnected or has no load
WARNING: [Synth 8-7129] Port touch[y][10] in module ili9341_display_controller is either unconnected or has no load
WARNING: [Synth 8-7129] Port touch[y][9] in module ili9341_display_controller is either unconnected or has no load
WARNING: [Synth 8-7129] Port touch[y][1] in module ili9341_display_controller is either unconnected or has no load
WARNING: [Synth 8-7129] Port touch[y][0] in module ili9341_display_controller is either unconnected or has no load
WARNING: [Synth 8-7129] Port touch[weight][7] in module ili9341_display_controller is either unconnected or has no load
WARNING: [Synth 8-7129] Port touch[weight][6] in module ili9341_display_controller is either unconnected or has no load
WARNING: [Synth 8-7129] Port touch[weight][5] in module ili9341_display_controller is either unconnected or has no load
WARNING: [Synth 8-7129] Port touch[weight][4] in module ili9341_display_controller is either unconnected or has no load
WARNING: [Synth 8-7129] Port touch[weight][3] in module ili9341_display_controller is either unconnected or has no load
WARNING: [Synth 8-7129] Port touch[weight][2] in module ili9341_display_controller is either unconnected or has no load
WARNING: [Synth 8-7129] Port touch[weight][1] in module ili9341_display_controller is either unconnected or has no load
WARNING: [Synth 8-7129] Port touch[weight][0] in module ili9341_display_controller is either unconnected or has no load
WARNING: [Synth 8-7129] Port touch[area][3] in module ili9341_display_controller is either unconnected or has no load
WARNING: [Synth 8-7129] Port touch[area][2] in module ili9341_display_controller is either unconnected or has no load
WARNING: [Synth 8-7129] Port touch[area][1] in module ili9341_display_controller is either unconnected or has no load
WARNING: [Synth 8-7129] Port touch[area][0] in module ili9341_display_controller is either unconnected or has no load
WARNING: [Synth 8-7129] Port touch[id][3] in module ili9341_display_controller is either unconnected or has no load
INFO: [Common 17-14] Message 'Synth 8-7129' appears 100 times and further instances of the messages will be disabled. Use the Tcl command set_msg_config to change the current settings.
WARNING: [Synth 8-6014] Unused sequential element VRAM/ram_reg was removed. 
WARNING: [Synth 8-3332] Sequential element (ILI9341/SPI0/FSM_onehot_state_reg[1]) is unused and will be removed from module main.
WARNING: [Synth 8-3332] Sequential element (ILI9341/SPI0/FSM_onehot_state_reg[0]) is unused and will be removed from module main.
---------------------------------------------------------------------------------
Finished Cross Boundary and Area Optimization : Time (s): cpu = 00:00:14 ; elapsed = 00:00:14 . Memory (MB): peak = 2668.832 ; gain = 64.016 ; free physical = 5590 ; free virtual = 12790
---------------------------------------------------------------------------------
---------------------------------------------------------------------------------
Start Applying XDC Timing Constraints
---------------------------------------------------------------------------------
---------------------------------------------------------------------------------
Finished Applying XDC Timing Constraints : Time (s): cpu = 00:00:18 ; elapsed = 00:00:19 . Memory (MB): peak = 2668.832 ; gain = 64.016 ; free physical = 5468 ; free virtual = 12667
---------------------------------------------------------------------------------
---------------------------------------------------------------------------------
Start Timing Optimization
---------------------------------------------------------------------------------
---------------------------------------------------------------------------------
Finished Timing Optimization : Time (s): cpu = 00:00:18 ; elapsed = 00:00:19 . Memory (MB): peak = 2668.832 ; gain = 64.016 ; free physical = 5472 ; free virtual = 12680
---------------------------------------------------------------------------------
---------------------------------------------------------------------------------
Start Technology Mapping
---------------------------------------------------------------------------------
---------------------------------------------------------------------------------
Finished Technology Mapping : Time (s): cpu = 00:00:19 ; elapsed = 00:00:19 . Memory (MB): peak = 2668.832 ; gain = 64.016 ; free physical = 5471 ; free virtual = 12678
---------------------------------------------------------------------------------
---------------------------------------------------------------------------------
Start IO Insertion
---------------------------------------------------------------------------------
---------------------------------------------------------------------------------
Start Flattening Before IO Insertion
---------------------------------------------------------------------------------
---------------------------------------------------------------------------------
Finished Flattening Before IO Insertion
---------------------------------------------------------------------------------
---------------------------------------------------------------------------------
Start Final Netlist Cleanup
---------------------------------------------------------------------------------
---------------------------------------------------------------------------------
Finished Final Netlist Cleanup
---------------------------------------------------------------------------------
WARNING: [Synth 8-3295] tying undriven pin i_15:a to constant 0
WARNING: [Synth 8-3295] tying undriven pin i_15:en to constant 0
---------------------------------------------------------------------------------
Finished IO Insertion : Time (s): cpu = 00:00:22 ; elapsed = 00:00:23 . Memory (MB): peak = 2668.832 ; gain = 64.016 ; free physical = 5488 ; free virtual = 12687
---------------------------------------------------------------------------------
---------------------------------------------------------------------------------
Start Renaming Generated Instances
---------------------------------------------------------------------------------
---------------------------------------------------------------------------------
Finished Renaming Generated Instances : Time (s): cpu = 00:00:22 ; elapsed = 00:00:23 . Memory (MB): peak = 2668.832 ; gain = 64.016 ; free physical = 5488 ; free virtual = 12687
---------------------------------------------------------------------------------
---------------------------------------------------------------------------------
Start Rebuilding User Hierarchy
---------------------------------------------------------------------------------
---------------------------------------------------------------------------------
Finished Rebuilding User Hierarchy : Time (s): cpu = 00:00:22 ; elapsed = 00:00:23 . Memory (MB): peak = 2668.832 ; gain = 64.016 ; free physical = 5488 ; free virtual = 12687
---------------------------------------------------------------------------------
---------------------------------------------------------------------------------
Start Renaming Generated Ports
---------------------------------------------------------------------------------
---------------------------------------------------------------------------------
Finished Renaming Generated Ports : Time (s): cpu = 00:00:22 ; elapsed = 00:00:23 . Memory (MB): peak = 2668.832 ; gain = 64.016 ; free physical = 5488 ; free virtual = 12687
---------------------------------------------------------------------------------
---------------------------------------------------------------------------------
Start Handling Custom Attributes
---------------------------------------------------------------------------------
---------------------------------------------------------------------------------
Finished Handling Custom Attributes : Time (s): cpu = 00:00:22 ; elapsed = 00:00:23 . Memory (MB): peak = 2668.832 ; gain = 64.016 ; free physical = 5480 ; free virtual = 12687
---------------------------------------------------------------------------------
---------------------------------------------------------------------------------
Start Renaming Generated Nets
---------------------------------------------------------------------------------
---------------------------------------------------------------------------------
Finished Renaming Generated Nets : Time (s): cpu = 00:00:22 ; elapsed = 00:00:23 . Memory (MB): peak = 2668.832 ; gain = 64.016 ; free physical = 5480 ; free virtual = 12687
---------------------------------------------------------------------------------
---------------------------------------------------------------------------------
Start Writing Synthesis Report
---------------------------------------------------------------------------------

Report BlackBoxes: 
+-+--------------+----------+
| |BlackBox name |Instances |
+-+--------------+----------+
+-+--------------+----------+

Report Cell Usage: 
+------+------------+------+
|      |Cell        |Count |
+------+------------+------+
|1     |BUFG        |     1|
|2     |LUT1        |     3|
|3     |LUT2        |    16|
|4     |LUT3        |    26|
|5     |LUT4        |    41|
|6     |LUT5        |    47|
|7     |LUT6        |    54|
|8     |MMCME2_BASE |     1|
|9     |FDRE        |    67|
|10    |FDSE        |    53|
|11    |IBUF        |     3|
|12    |OBUF        |    24|
+------+------------+------+
---------------------------------------------------------------------------------
Finished Writing Synthesis Report : Time (s): cpu = 00:00:22 ; elapsed = 00:00:23 . Memory (MB): peak = 2668.832 ; gain = 64.016 ; free physical = 5480 ; free virtual = 12687
---------------------------------------------------------------------------------
Synthesis finished with 0 errors, 0 critical warnings and 71 warnings.
Synthesis Optimization Runtime : Time (s): cpu = 00:00:20 ; elapsed = 00:00:21 . Memory (MB): peak = 2668.832 ; gain = 0.000 ; free physical = 5523 ; free virtual = 12739
Synthesis Optimization Complete : Time (s): cpu = 00:00:22 ; elapsed = 00:00:23 . Memory (MB): peak = 2668.832 ; gain = 64.016 ; free physical = 5523 ; free virtual = 12739
INFO: [Project 1-571] Translating synthesized netlist
Netlist sorting complete. Time (s): cpu = 00:00:00 ; elapsed = 00:00:00.01 . Memory (MB): peak = 2668.832 ; gain = 0.000 ; free physical = 5519 ; free virtual = 12735
INFO: [Netlist 29-17] Analyzing 1 Unisim elements for replacement
INFO: [Netlist 29-28] Unisim Transformation completed in 0 CPU seconds
INFO: [Project 1-570] Preparing netlist for logic optimization
Parsing XDC File [/home/ieykamp/Olin/CompArch/olin-cafe-f22/labs/02_etch_a_sketch/main.xdc]
Finished Parsing XDC File [/home/ieykamp/Olin/CompArch/olin-cafe-f22/labs/02_etch_a_sketch/main.xdc]
INFO: [Opt 31-138] Pushed 0 inverter(s) to 0 load pin(s).
Netlist sorting complete. Time (s): cpu = 00:00:00 ; elapsed = 00:00:00 . Memory (MB): peak = 2668.832 ; gain = 0.000 ; free physical = 5552 ; free virtual = 12771
INFO: [Project 1-111] Unisim Transformation Summary:
  A total of 1 instances were transformed.
  MMCME2_BASE => MMCME2_ADV: 1 instance 

Synth Design complete, checksum: d882b466
INFO: [Common 17-83] Releasing license: Synthesis
75 Infos, 257 Warnings, 3 Critical Warnings and 0 Errors encountered.
synth_design completed successfully
synth_design: Time (s): cpu = 00:00:31 ; elapsed = 00:00:28 . Memory (MB): peak = 2668.832 ; gain = 64.031 ; free physical = 5762 ; free virtual = 12981
# write_checkpoint -force synthesis.checkpoint
INFO: [Timing 38-480] Writing timing data to binary archive.
Writing XDEF routing.
Writing XDEF routing logical nets.
Writing XDEF routing special nets.
Write XDEF Complete: Time (s): cpu = 00:00:00.04 ; elapsed = 00:00:00.02 . Memory (MB): peak = 2724.859 ; gain = 16.008 ; free physical = 5761 ; free virtual = 12980
INFO: [Common 17-1381] The checkpoint '/home/ieykamp/Olin/CompArch/olin-cafe-f22/labs/02_etch_a_sketch/synthesis.checkpoint' has been generated.
# opt_design
Command: opt_design
Attempting to get a license for feature 'Implementation' and/or device 'xc7a35t'
INFO: [Common 17-349] Got license for feature 'Implementation' and/or device 'xc7a35t'
Running DRC as a precondition to command opt_design

Starting DRC Task
INFO: [DRC 23-27] Running DRC with 8 threads
INFO: [Project 1-461] DRC finished with 0 Errors
INFO: [Project 1-462] Please refer to the DRC report (report_drc) for more information.

Time (s): cpu = 00:00:01 ; elapsed = 00:00:00.69 . Memory (MB): peak = 2740.867 ; gain = 16.008 ; free physical = 5755 ; free virtual = 12975

Starting Cache Timing Information Task
INFO: [Timing 38-35] Done setting XDC timing constraints.
INFO: [Timing 38-2] Deriving generated clocks
Ending Cache Timing Information Task | Checksum: 1ee1d2ece

Time (s): cpu = 00:00:02 ; elapsed = 00:00:02 . Memory (MB): peak = 2771.680 ; gain = 30.812 ; free physical = 5453 ; free virtual = 12682

Starting Logic Optimization Task

Phase 1 Retarget
INFO: [Opt 31-138] Pushed 0 inverter(s) to 0 load pin(s).
INFO: [Opt 31-49] Retargeted 0 cell(s).
Phase 1 Retarget | Checksum: 1ee1d2ece

Time (s): cpu = 00:00:00.02 ; elapsed = 00:00:00.02 . Memory (MB): peak = 2989.648 ; gain = 0.000 ; free physical = 5236 ; free virtual = 12464
INFO: [Opt 31-389] Phase Retarget created 0 cells and removed 0 cells
INFO: [Opt 31-1021] In phase Retarget, 1 netlist objects are constrained preventing optimization. Please run opt_design with -debug_log to get more detail. 

Phase 2 Constant propagation
INFO: [Opt 31-138] Pushed 0 inverter(s) to 0 load pin(s).
Phase 2 Constant propagation | Checksum: 1ee1d2ece

Time (s): cpu = 00:00:00.03 ; elapsed = 00:00:00.02 . Memory (MB): peak = 2989.648 ; gain = 0.000 ; free physical = 5236 ; free virtual = 12464
INFO: [Opt 31-389] Phase Constant propagation created 0 cells and removed 0 cells

Phase 3 Sweep
Phase 3 Sweep | Checksum: 1ee1d2ece

Time (s): cpu = 00:00:00.03 ; elapsed = 00:00:00.02 . Memory (MB): peak = 2989.648 ; gain = 0.000 ; free physical = 5236 ; free virtual = 12464
INFO: [Opt 31-389] Phase Sweep created 0 cells and removed 0 cells

Phase 4 BUFG optimization
Phase 4 BUFG optimization | Checksum: 1ee1d2ece

Time (s): cpu = 00:00:00.03 ; elapsed = 00:00:00.03 . Memory (MB): peak = 3021.664 ; gain = 32.016 ; free physical = 5236 ; free virtual = 12464
INFO: [Opt 31-662] Phase BUFG optimization created 0 cells of which 0 are BUFGs and removed 0 cells.

Phase 5 Shift Register Optimization
INFO: [Opt 31-1064] SRL Remap converted 0 SRLs to 0 registers and converted 0 registers of register chains to 0 SRLs
Phase 5 Shift Register Optimization | Checksum: 1ee1d2ece

Time (s): cpu = 00:00:00.03 ; elapsed = 00:00:00.03 . Memory (MB): peak = 3021.664 ; gain = 32.016 ; free physical = 5236 ; free virtual = 12464
INFO: [Opt 31-389] Phase Shift Register Optimization created 0 cells and removed 0 cells

Phase 6 Post Processing Netlist
Phase 6 Post Processing Netlist | Checksum: 1ee1d2ece

Time (s): cpu = 00:00:00.03 ; elapsed = 00:00:00.03 . Memory (MB): peak = 3021.664 ; gain = 32.016 ; free physical = 5236 ; free virtual = 12464
INFO: [Opt 31-389] Phase Post Processing Netlist created 0 cells and removed 0 cells
Opt_design Change Summary
=========================


-------------------------------------------------------------------------------------------------------------------------
|  Phase                        |  #Cells created  |  #Cells Removed  |  #Constrained objects preventing optimizations  |
-------------------------------------------------------------------------------------------------------------------------
|  Retarget                     |               0  |               0  |                                              1  |
|  Constant propagation         |               0  |               0  |                                              0  |
|  Sweep                        |               0  |               0  |                                              0  |
|  BUFG optimization            |               0  |               0  |                                              0  |
|  Shift Register Optimization  |               0  |               0  |                                              0  |
|  Post Processing Netlist      |               0  |               0  |                                              0  |
-------------------------------------------------------------------------------------------------------------------------



Starting Connectivity Check Task

Time (s): cpu = 00:00:00 ; elapsed = 00:00:00 . Memory (MB): peak = 3021.664 ; gain = 0.000 ; free physical = 5236 ; free virtual = 12464
Ending Logic Optimization Task | Checksum: 1ee1d2ece

Time (s): cpu = 00:00:00.04 ; elapsed = 00:00:00.03 . Memory (MB): peak = 3021.664 ; gain = 32.016 ; free physical = 5236 ; free virtual = 12464

Starting Power Optimization Task
INFO: [Pwropt 34-132] Skipping clock gating for clocks with a period < 2.00 ns.
Ending Power Optimization Task | Checksum: 1ee1d2ece

Time (s): cpu = 00:00:00.01 ; elapsed = 00:00:00.01 . Memory (MB): peak = 3021.664 ; gain = 0.000 ; free physical = 5427 ; free virtual = 12663

Starting Final Cleanup Task
Ending Final Cleanup Task | Checksum: 1ee1d2ece

Time (s): cpu = 00:00:00 ; elapsed = 00:00:00 . Memory (MB): peak = 3021.664 ; gain = 0.000 ; free physical = 5427 ; free virtual = 12663

Starting Netlist Obfuscation Task
Netlist sorting complete. Time (s): cpu = 00:00:00 ; elapsed = 00:00:00 . Memory (MB): peak = 3021.664 ; gain = 0.000 ; free physical = 5427 ; free virtual = 12663
Ending Netlist Obfuscation Task | Checksum: 1ee1d2ece

Time (s): cpu = 00:00:00 ; elapsed = 00:00:00 . Memory (MB): peak = 3021.664 ; gain = 0.000 ; free physical = 5427 ; free virtual = 12663
INFO: [Common 17-83] Releasing license: Implementation
19 Infos, 0 Warnings, 0 Critical Warnings and 0 Errors encountered.
opt_design completed successfully
# place_design
Command: place_design
Attempting to get a license for feature 'Implementation' and/or device 'xc7a35t'
INFO: [Common 17-349] Got license for feature 'Implementation' and/or device 'xc7a35t'
INFO: [Timing 38-35] Done setting XDC timing constraints.
INFO: [DRC 23-27] Running DRC with 8 threads
INFO: [Vivado_Tcl 4-198] DRC finished with 0 Errors
INFO: [Vivado_Tcl 4-199] Please refer to the DRC report (report_drc) for more information.
Running DRC as a precondition to command place_design
INFO: [DRC 23-27] Running DRC with 8 threads
INFO: [Vivado_Tcl 4-198] DRC finished with 0 Errors
INFO: [Vivado_Tcl 4-199] Please refer to the DRC report (report_drc) for more information.

Starting Placer Task
INFO: [Place 30-611] Multithreading enabled for place_design using a maximum of 8 CPUs

Phase 1 Placer Initialization

Phase 1.1 Placer Initialization Netlist Sorting
Netlist sorting complete. Time (s): cpu = 00:00:00 ; elapsed = 00:00:00 . Memory (MB): peak = 3053.680 ; gain = 0.000 ; free physical = 5376 ; free virtual = 12613
Phase 1.1 Placer Initialization Netlist Sorting | Checksum: 1159a7a68

Time (s): cpu = 00:00:00 ; elapsed = 00:00:00.03 . Memory (MB): peak = 3053.680 ; gain = 0.000 ; free physical = 5376 ; free virtual = 12613
Netlist sorting complete. Time (s): cpu = 00:00:00 ; elapsed = 00:00:00 . Memory (MB): peak = 3053.680 ; gain = 0.000 ; free physical = 5376 ; free virtual = 12613

Phase 1.2 IO Placement/ Clock Placement/ Build Placer Device
Phase 1.2 IO Placement/ Clock Placement/ Build Placer Device | Checksum: a2cb35e0

Time (s): cpu = 00:00:00.52 ; elapsed = 00:00:00.24 . Memory (MB): peak = 3053.680 ; gain = 0.000 ; free physical = 5406 ; free virtual = 12646

Phase 1.3 Build Placer Netlist Model
Phase 1.3 Build Placer Netlist Model | Checksum: 10b886eaa

Time (s): cpu = 00:00:00.8 ; elapsed = 00:00:00.32 . Memory (MB): peak = 3053.680 ; gain = 0.000 ; free physical = 5420 ; free virtual = 12661

Phase 1.4 Constrain Clocks/Macros
Phase 1.4 Constrain Clocks/Macros | Checksum: 10b886eaa

Time (s): cpu = 00:00:00.81 ; elapsed = 00:00:00.32 . Memory (MB): peak = 3053.680 ; gain = 0.000 ; free physical = 5420 ; free virtual = 12661
Phase 1 Placer Initialization | Checksum: 10b886eaa

Time (s): cpu = 00:00:00.81 ; elapsed = 00:00:00.32 . Memory (MB): peak = 3053.680 ; gain = 0.000 ; free physical = 5420 ; free virtual = 12662

Phase 2 Global Placement

Phase 2.1 Floorplanning
Phase 2.1 Floorplanning | Checksum: 10ef043ed

Time (s): cpu = 00:00:01 ; elapsed = 00:00:00.38 . Memory (MB): peak = 3053.680 ; gain = 0.000 ; free physical = 5404 ; free virtual = 12645

Phase 2.2 Update Timing before SLR Path Opt
Phase 2.2 Update Timing before SLR Path Opt | Checksum: 11ca7f6dd

Time (s): cpu = 00:00:01 ; elapsed = 00:00:00.4 . Memory (MB): peak = 3053.680 ; gain = 0.000 ; free physical = 5405 ; free virtual = 12646

Phase 2.3 Post-Processing in Floorplanning
Phase 2.3 Post-Processing in Floorplanning | Checksum: 11ca7f6dd

Time (s): cpu = 00:00:01 ; elapsed = 00:00:00.4 . Memory (MB): peak = 3053.680 ; gain = 0.000 ; free physical = 5405 ; free virtual = 12646

Phase 2.4 Global Placement Core

Phase 2.4.1 Physical Synthesis In Placer
INFO: [Physopt 32-1035] Found 0 LUTNM shape to break, 2 LUT instances to create LUTNM shape
INFO: [Physopt 32-1044] Break lutnm for timing: one critical 0, two critical 0, total 0, new lutff created 0
INFO: [Physopt 32-1138] End 1 Pass. Optimized 1 net or LUT. Breaked 0 LUT, combined 1 existing LUT and moved 0 existing LUT
INFO: [Physopt 32-65] No nets found for high-fanout optimization.
INFO: [Physopt 32-232] Optimized 0 net. Created 0 new instance.
INFO: [Physopt 32-775] End 1 Pass. Optimized 0 net or cell. Created 0 new cell, deleted 0 existing cell and moved 0 existing cell
INFO: [Physopt 32-670] No setup violation found.  DSP Register Optimization was not performed.
INFO: [Physopt 32-670] No setup violation found.  Shift Register to Pipeline Optimization was not performed.
INFO: [Physopt 32-670] No setup violation found.  Shift Register Optimization was not performed.
INFO: [Physopt 32-670] No setup violation found.  BRAM Register Optimization was not performed.
INFO: [Physopt 32-670] No setup violation found.  URAM Register Optimization was not performed.
INFO: [Physopt 32-949] No candidate nets found for dynamic/static region interface net replication
INFO: [Physopt 32-775] End 1 Pass. Optimized 0 net or cell. Created 0 new cell, deleted 0 existing cell and moved 0 existing cell
Netlist sorting complete. Time (s): cpu = 00:00:00 ; elapsed = 00:00:00 . Memory (MB): peak = 3053.680 ; gain = 0.000 ; free physical = 5399 ; free virtual = 12644

Summary of Physical Synthesis Optimizations
============================================


-----------------------------------------------------------------------------------------------------------------------------------------------------------
|  Optimization                                     |  Added Cells  |  Removed Cells  |  Optimized Cells/Nets  |  Dont Touch  |  Iterations  |  Elapsed   |
-----------------------------------------------------------------------------------------------------------------------------------------------------------
|  LUT Combining                                    |            0  |              1  |                     1  |           0  |           1  |  00:00:00  |
|  Retime                                           |            0  |              0  |                     0  |           0  |           1  |  00:00:00  |
|  Very High Fanout                                 |            0  |              0  |                     0  |           0  |           1  |  00:00:00  |
|  DSP Register                                     |            0  |              0  |                     0  |           0  |           0  |  00:00:00  |
|  Shift Register to Pipeline                       |            0  |              0  |                     0  |           0  |           0  |  00:00:00  |
|  Shift Register                                   |            0  |              0  |                     0  |           0  |           0  |  00:00:00  |
|  BRAM Register                                    |            0  |              0  |                     0  |           0  |           0  |  00:00:00  |
|  URAM Register                                    |            0  |              0  |                     0  |           0  |           0  |  00:00:00  |
|  Dynamic/Static Region Interface Net Replication  |            0  |              0  |                     0  |           0  |           1  |  00:00:00  |
|  Total                                            |            0  |              1  |                     1  |           0  |           4  |  00:00:00  |
-----------------------------------------------------------------------------------------------------------------------------------------------------------


Phase 2.4.1 Physical Synthesis In Placer | Checksum: 147a38cf7

Time (s): cpu = 00:00:07 ; elapsed = 00:00:01 . Memory (MB): peak = 3053.680 ; gain = 0.000 ; free physical = 5399 ; free virtual = 12644
Phase 2.4 Global Placement Core | Checksum: b43550b5

Time (s): cpu = 00:00:07 ; elapsed = 00:00:01 . Memory (MB): peak = 3053.680 ; gain = 0.000 ; free physical = 5399 ; free virtual = 12645
Phase 2 Global Placement | Checksum: b43550b5

Time (s): cpu = 00:00:07 ; elapsed = 00:00:01 . Memory (MB): peak = 3053.680 ; gain = 0.000 ; free physical = 5399 ; free virtual = 12645

Phase 3 Detail Placement

Phase 3.1 Commit Multi Column Macros
Phase 3.1 Commit Multi Column Macros | Checksum: f5b55f2b

Time (s): cpu = 00:00:07 ; elapsed = 00:00:01 . Memory (MB): peak = 3053.680 ; gain = 0.000 ; free physical = 5399 ; free virtual = 12645

Phase 3.2 Commit Most Macros & LUTRAMs
Phase 3.2 Commit Most Macros & LUTRAMs | Checksum: 17841059e

Time (s): cpu = 00:00:07 ; elapsed = 00:00:01 . Memory (MB): peak = 3053.680 ; gain = 0.000 ; free physical = 5398 ; free virtual = 12644

Phase 3.3 Area Swap Optimization
Phase 3.3 Area Swap Optimization | Checksum: 121bc7a6e

Time (s): cpu = 00:00:07 ; elapsed = 00:00:02 . Memory (MB): peak = 3053.680 ; gain = 0.000 ; free physical = 5398 ; free virtual = 12644

Phase 3.4 Pipeline Register Optimization
Phase 3.4 Pipeline Register Optimization | Checksum: 161202606

Time (s): cpu = 00:00:07 ; elapsed = 00:00:02 . Memory (MB): peak = 3053.680 ; gain = 0.000 ; free physical = 5398 ; free virtual = 12644

Phase 3.5 Small Shape Detail Placement
Phase 3.5 Small Shape Detail Placement | Checksum: e3bb7b5d

Time (s): cpu = 00:00:08 ; elapsed = 00:00:02 . Memory (MB): peak = 3053.680 ; gain = 0.000 ; free physical = 5397 ; free virtual = 12642

Phase 3.6 Re-assign LUT pins
Phase 3.6 Re-assign LUT pins | Checksum: 9d511fe1

Time (s): cpu = 00:00:08 ; elapsed = 00:00:02 . Memory (MB): peak = 3053.680 ; gain = 0.000 ; free physical = 5397 ; free virtual = 12642

Phase 3.7 Pipeline Register Optimization
Phase 3.7 Pipeline Register Optimization | Checksum: dc2acc79

Time (s): cpu = 00:00:08 ; elapsed = 00:00:02 . Memory (MB): peak = 3053.680 ; gain = 0.000 ; free physical = 5397 ; free virtual = 12642
Phase 3 Detail Placement | Checksum: dc2acc79

Time (s): cpu = 00:00:08 ; elapsed = 00:00:02 . Memory (MB): peak = 3053.680 ; gain = 0.000 ; free physical = 5397 ; free virtual = 12642

Phase 4 Post Placement Optimization and Clean-Up

Phase 4.1 Post Commit Optimization
INFO: [Timing 38-35] Done setting XDC timing constraints.

Phase 4.1.1 Post Placement Optimization
Post Placement Optimization Initialization | Checksum: 1268f4bc3

Phase 4.1.1.1 BUFG Insertion

Starting Physical Synthesis Task

Phase 1 Physical Synthesis Initialization
INFO: [Physopt 32-721] Multithreading enabled for phys_opt_design using a maximum of 8 CPUs
INFO: [Physopt 32-619] Estimated Timing Summary | WNS=11.624 | TNS=0.000 |
Phase 1 Physical Synthesis Initialization | Checksum: 1d43f3a00

Time (s): cpu = 00:00:00.08 ; elapsed = 00:00:00.01 . Memory (MB): peak = 3053.680 ; gain = 0.000 ; free physical = 5397 ; free virtual = 12642
INFO: [Place 46-56] BUFG insertion identified 0 candidate nets. Inserted BUFG: 0, Replicated BUFG Driver: 0, Skipped due to Placement/Routing Conflicts: 0, Skipped due to Timing Degradation: 0, Skipped due to Illegal Netlist: 0.
Ending Physical Synthesis Task | Checksum: 1846f8eb2

Time (s): cpu = 00:00:00.09 ; elapsed = 00:00:00.02 . Memory (MB): peak = 3053.680 ; gain = 0.000 ; free physical = 5397 ; free virtual = 12642
Phase 4.1.1.1 BUFG Insertion | Checksum: 1268f4bc3

Time (s): cpu = 00:00:08 ; elapsed = 00:00:02 . Memory (MB): peak = 3053.680 ; gain = 0.000 ; free physical = 5397 ; free virtual = 12642

Phase 4.1.1.2 Post Placement Timing Optimization
INFO: [Place 30-746] Post Placement Timing Summary WNS=11.624. For the most accurate timing information please run report_timing.
Phase 4.1.1.2 Post Placement Timing Optimization | Checksum: 1222a8493

Time (s): cpu = 00:00:08 ; elapsed = 00:00:02 . Memory (MB): peak = 3053.680 ; gain = 0.000 ; free physical = 5397 ; free virtual = 12642

Time (s): cpu = 00:00:08 ; elapsed = 00:00:02 . Memory (MB): peak = 3053.680 ; gain = 0.000 ; free physical = 5397 ; free virtual = 12642
Phase 4.1 Post Commit Optimization | Checksum: 1222a8493

Time (s): cpu = 00:00:08 ; elapsed = 00:00:02 . Memory (MB): peak = 3053.680 ; gain = 0.000 ; free physical = 5397 ; free virtual = 12642

Phase 4.2 Post Placement Cleanup
Phase 4.2 Post Placement Cleanup | Checksum: 1222a8493

Time (s): cpu = 00:00:08 ; elapsed = 00:00:02 . Memory (MB): peak = 3053.680 ; gain = 0.000 ; free physical = 5397 ; free virtual = 12642

Phase 4.3 Placer Reporting

Phase 4.3.1 Print Estimated Congestion
INFO: [Place 30-612] Post-Placement Estimated Congestion 
 ____________________________________________________
|           | Global Congestion | Short Congestion  |
| Direction | Region Size       | Region Size       |
|___________|___________________|___________________|
|      North|                1x1|                1x1|
|___________|___________________|___________________|
|      South|                1x1|                1x1|
|___________|___________________|___________________|
|       East|                1x1|                1x1|
|___________|___________________|___________________|
|       West|                1x1|                1x1|
|___________|___________________|___________________|

Phase 4.3.1 Print Estimated Congestion | Checksum: 1222a8493

Time (s): cpu = 00:00:08 ; elapsed = 00:00:02 . Memory (MB): peak = 3053.680 ; gain = 0.000 ; free physical = 5397 ; free virtual = 12642
Phase 4.3 Placer Reporting | Checksum: 1222a8493

Time (s): cpu = 00:00:08 ; elapsed = 00:00:02 . Memory (MB): peak = 3053.680 ; gain = 0.000 ; free physical = 5397 ; free virtual = 12642

Phase 4.4 Final Placement Cleanup
Netlist sorting complete. Time (s): cpu = 00:00:00 ; elapsed = 00:00:00 . Memory (MB): peak = 3053.680 ; gain = 0.000 ; free physical = 5397 ; free virtual = 12642

Time (s): cpu = 00:00:08 ; elapsed = 00:00:02 . Memory (MB): peak = 3053.680 ; gain = 0.000 ; free physical = 5397 ; free virtual = 12642
Phase 4 Post Placement Optimization and Clean-Up | Checksum: 16c8ff638

Time (s): cpu = 00:00:08 ; elapsed = 00:00:02 . Memory (MB): peak = 3053.680 ; gain = 0.000 ; free physical = 5397 ; free virtual = 12642
Ending Placer Task | Checksum: f6524bf1

Time (s): cpu = 00:00:08 ; elapsed = 00:00:02 . Memory (MB): peak = 3053.680 ; gain = 0.000 ; free physical = 5397 ; free virtual = 12642
INFO: [Common 17-83] Releasing license: Implementation
29 Infos, 0 Warnings, 0 Critical Warnings and 0 Errors encountered.
place_design completed successfully
# write_checkpoint -force place.checkpoint
INFO: [Timing 38-480] Writing timing data to binary archive.
Writing XDEF routing.
Writing XDEF routing logical nets.
Writing XDEF routing special nets.
Write XDEF Complete: Time (s): cpu = 00:00:00.07 ; elapsed = 00:00:00.03 . Memory (MB): peak = 3053.680 ; gain = 0.000 ; free physical = 5405 ; free virtual = 12651
INFO: [Common 17-1381] The checkpoint '/home/ieykamp/Olin/CompArch/olin-cafe-f22/labs/02_etch_a_sketch/place.checkpoint' has been generated.
# route_design
Command: route_design
Attempting to get a license for feature 'Implementation' and/or device 'xc7a35t'
INFO: [Common 17-349] Got license for feature 'Implementation' and/or device 'xc7a35t'
Running DRC as a precondition to command route_design
INFO: [DRC 23-27] Running DRC with 8 threads
INFO: [Vivado_Tcl 4-198] DRC finished with 0 Errors
INFO: [Vivado_Tcl 4-199] Please refer to the DRC report (report_drc) for more information.


Starting Routing Task
INFO: [Route 35-254] Multithreading enabled for route_design using a maximum of 8 CPUs

Phase 1 Build RT Design
Checksum: PlaceDB: 2ad2c629 ConstDB: 0 ShapeSum: cb7f85c8 RouteDB: 0
Post Restoration Checksum: NetGraph: fc7cf71d NumContArr: 21bafaa4 Constraints: 0 Timing: 0
Phase 1 Build RT Design | Checksum: 11e37f1c1

Time (s): cpu = 00:00:15 ; elapsed = 00:00:13 . Memory (MB): peak = 3054.684 ; gain = 0.000 ; free physical = 5328 ; free virtual = 12557

Phase 2 Router Initialization

Phase 2.1 Fix Topology Constraints
Phase 2.1 Fix Topology Constraints | Checksum: 11e37f1c1

Time (s): cpu = 00:00:15 ; elapsed = 00:00:13 . Memory (MB): peak = 3054.684 ; gain = 0.000 ; free physical = 5295 ; free virtual = 12526

Phase 2.2 Pre Route Cleanup
Phase 2.2 Pre Route Cleanup | Checksum: 11e37f1c1

Time (s): cpu = 00:00:15 ; elapsed = 00:00:13 . Memory (MB): peak = 3054.684 ; gain = 0.000 ; free physical = 5295 ; free virtual = 12526
 Number of Nodes with overlaps = 0

Phase 2.3 Update Timing
Phase 2.3 Update Timing | Checksum: 214d81532

Time (s): cpu = 00:00:15 ; elapsed = 00:00:14 . Memory (MB): peak = 3054.684 ; gain = 0.000 ; free physical = 5271 ; free virtual = 12511
INFO: [Route 35-416] Intermediate Timing Summary | WNS=11.682 | TNS=0.000  | WHS=-0.112 | THS=-4.267 |


Router Utilization Summary
  Global Vertical Routing Utilization    = 0 %
  Global Horizontal Routing Utilization  = 0 %
  Routable Net Status*
  *Does not include unroutable nets such as driverless and loadless.
  Run report_route_status for detailed report.
  Number of Failed Nets               = 197
    (Failed Nets is the sum of unrouted and partially routed nets)
  Number of Unrouted Nets             = 196
  Number of Partially Routed Nets     = 1
  Number of Node Overlaps             = 0

Phase 2 Router Initialization | Checksum: 266c6bd32

Time (s): cpu = 00:00:16 ; elapsed = 00:00:14 . Memory (MB): peak = 3054.684 ; gain = 0.000 ; free physical = 5271 ; free virtual = 12511

Phase 3 Initial Routing

Phase 3.1 Global Routing
Phase 3.1 Global Routing | Checksum: 266c6bd32

Time (s): cpu = 00:00:16 ; elapsed = 00:00:14 . Memory (MB): peak = 3054.684 ; gain = 0.000 ; free physical = 5271 ; free virtual = 12511
Phase 3 Initial Routing | Checksum: 17b759a64

Time (s): cpu = 00:00:16 ; elapsed = 00:00:14 . Memory (MB): peak = 3054.684 ; gain = 0.000 ; free physical = 5264 ; free virtual = 12512

Phase 4 Rip-up And Reroute

Phase 4.1 Global Iteration 0
 Number of Nodes with overlaps = 17
 Number of Nodes with overlaps = 0
INFO: [Route 35-416] Intermediate Timing Summary | WNS=11.645 | TNS=0.000  | WHS=N/A    | THS=N/A    |

Phase 4.1 Global Iteration 0 | Checksum: 1d9d76f8a

Time (s): cpu = 00:00:16 ; elapsed = 00:00:14 . Memory (MB): peak = 3054.684 ; gain = 0.000 ; free physical = 5264 ; free virtual = 12511

Phase 4.2 Global Iteration 1
 Number of Nodes with overlaps = 3
 Number of Nodes with overlaps = 0
INFO: [Route 35-416] Intermediate Timing Summary | WNS=11.473 | TNS=0.000  | WHS=N/A    | THS=N/A    |

Phase 4.2 Global Iteration 1 | Checksum: 114f09f15

Time (s): cpu = 00:00:16 ; elapsed = 00:00:14 . Memory (MB): peak = 3054.684 ; gain = 0.000 ; free physical = 5264 ; free virtual = 12511
Phase 4 Rip-up And Reroute | Checksum: 114f09f15

Time (s): cpu = 00:00:16 ; elapsed = 00:00:14 . Memory (MB): peak = 3054.684 ; gain = 0.000 ; free physical = 5264 ; free virtual = 12511

Phase 5 Delay and Skew Optimization

Phase 5.1 Delay CleanUp
Phase 5.1 Delay CleanUp | Checksum: 114f09f15

Time (s): cpu = 00:00:16 ; elapsed = 00:00:14 . Memory (MB): peak = 3054.684 ; gain = 0.000 ; free physical = 5264 ; free virtual = 12511

Phase 5.2 Clock Skew Optimization
Phase 5.2 Clock Skew Optimization | Checksum: 114f09f15

Time (s): cpu = 00:00:16 ; elapsed = 00:00:14 . Memory (MB): peak = 3054.684 ; gain = 0.000 ; free physical = 5264 ; free virtual = 12511
Phase 5 Delay and Skew Optimization | Checksum: 114f09f15

Time (s): cpu = 00:00:16 ; elapsed = 00:00:14 . Memory (MB): peak = 3054.684 ; gain = 0.000 ; free physical = 5264 ; free virtual = 12511

Phase 6 Post Hold Fix

Phase 6.1 Hold Fix Iter

Phase 6.1.1 Update Timing
Phase 6.1.1 Update Timing | Checksum: 17cb9cf56

Time (s): cpu = 00:00:16 ; elapsed = 00:00:14 . Memory (MB): peak = 3054.684 ; gain = 0.000 ; free physical = 5264 ; free virtual = 12511
INFO: [Route 35-416] Intermediate Timing Summary | WNS=11.575 | TNS=0.000  | WHS=0.178  | THS=0.000  |

Phase 6.1 Hold Fix Iter | Checksum: 12777fa4e

Time (s): cpu = 00:00:16 ; elapsed = 00:00:14 . Memory (MB): peak = 3054.684 ; gain = 0.000 ; free physical = 5264 ; free virtual = 12511
Phase 6 Post Hold Fix | Checksum: 12777fa4e

Time (s): cpu = 00:00:16 ; elapsed = 00:00:14 . Memory (MB): peak = 3054.684 ; gain = 0.000 ; free physical = 5264 ; free virtual = 12511

Phase 7 Route finalize

Router Utilization Summary
  Global Vertical Routing Utilization    = 0.0453639 %
  Global Horizontal Routing Utilization  = 0.0261583 %
  Routable Net Status*
  *Does not include unroutable nets such as driverless and loadless.
  Run report_route_status for detailed report.
  Number of Failed Nets               = 0
    (Failed Nets is the sum of unrouted and partially routed nets)
  Number of Unrouted Nets             = 0
  Number of Partially Routed Nets     = 0
  Number of Node Overlaps             = 0

Phase 7 Route finalize | Checksum: cb5885f0

Time (s): cpu = 00:00:16 ; elapsed = 00:00:14 . Memory (MB): peak = 3054.684 ; gain = 0.000 ; free physical = 5264 ; free virtual = 12511

Phase 8 Verifying routed nets

 Verification completed successfully
Phase 8 Verifying routed nets | Checksum: cb5885f0

Time (s): cpu = 00:00:16 ; elapsed = 00:00:14 . Memory (MB): peak = 3054.684 ; gain = 0.000 ; free physical = 5264 ; free virtual = 12511

Phase 9 Depositing Routes
Phase 9 Depositing Routes | Checksum: 100e585d8

Time (s): cpu = 00:00:16 ; elapsed = 00:00:14 . Memory (MB): peak = 3054.684 ; gain = 0.000 ; free physical = 5264 ; free virtual = 12511

Phase 10 Post Router Timing
INFO: [Route 35-57] Estimated Timing Summary | WNS=11.575 | TNS=0.000  | WHS=0.178  | THS=0.000  |

INFO: [Route 35-327] The final timing numbers are based on the router estimated timing analysis. For a complete and accurate timing signoff, please run report_timing_summary.
Phase 10 Post Router Timing | Checksum: 100e585d8

Time (s): cpu = 00:00:16 ; elapsed = 00:00:14 . Memory (MB): peak = 3054.684 ; gain = 0.000 ; free physical = 5265 ; free virtual = 12512
INFO: [Route 35-16] Router Completed Successfully

Time (s): cpu = 00:00:16 ; elapsed = 00:00:14 . Memory (MB): peak = 3054.684 ; gain = 0.000 ; free physical = 5300 ; free virtual = 12547

Routing Is Done.
INFO: [Common 17-83] Releasing license: Implementation
13 Infos, 0 Warnings, 0 Critical Warnings and 0 Errors encountered.
route_design completed successfully
route_design: Time (s): cpu = 00:00:17 ; elapsed = 00:00:14 . Memory (MB): peak = 3054.684 ; gain = 1.004 ; free physical = 5300 ; free virtual = 12547
# write_checkpoint -force route.checkpoint
INFO: [Timing 38-480] Writing timing data to binary archive.
Writing XDEF routing.
Writing XDEF routing logical nets.
Writing XDEF routing special nets.
Write XDEF Complete: Time (s): cpu = 00:00:00.09 ; elapsed = 00:00:00.03 . Memory (MB): peak = 3054.684 ; gain = 0.000 ; free physical = 5296 ; free virtual = 12544
INFO: [Common 17-1381] The checkpoint '/home/ieykamp/Olin/CompArch/olin-cafe-f22/labs/02_etch_a_sketch/route.checkpoint' has been generated.
# report_timing_summary -file timing_summary.log
INFO: [Timing 38-91] UpdateTimingParams: Speed grade: -1, Delay Type: min_max.
INFO: [Timing 38-191] Multithreading enabled for timing update using a maximum of 8 CPUs
# report_timing -sort_by group -max_paths 100 -path_type summary -file timing.log -verbose
INFO: [Timing 38-91] UpdateTimingParams: Speed grade: -1, Delay Type: max.
INFO: [Timing 38-191] Multithreading enabled for timing update using a maximum of 8 CPUs
INFO: [Timing 38-78] ReportTimingParams: -max_paths 100 -nworst 1 -delay_type max -sort_by group.
# report_utilization -file usage.log -verbose
# report_drc -file drc.log -verbose
Command: report_drc -file drc.log -verbose
INFO: [IP_Flow 19-234] Refreshing IP repositories
INFO: [IP_Flow 19-1704] No user IP repositories specified
INFO: [IP_Flow 19-2313] Loaded Vivado IP repository '/home/ieykamp/Programs/Xilinx/Vivado/2022.1/data/ip'.
INFO: [DRC 23-27] Running DRC with 8 threads
INFO: [Vivado_Tcl 2-168] The results of DRC are in file /home/ieykamp/Olin/CompArch/olin-cafe-f22/labs/02_etch_a_sketch/drc.log.
report_drc completed successfully
# report_clocks -file clocks.log
# write_bitstream -force ./main.bit
Command: write_bitstream -force ./main.bit
Attempting to get a license for feature 'Implementation' and/or device 'xc7a35t'
INFO: [Common 17-349] Got license for feature 'Implementation' and/or device 'xc7a35t'
Running DRC as a precondition to command write_bitstream
INFO: [IP_Flow 19-1839] IP Catalog is up to date.
INFO: [DRC 23-27] Running DRC with 8 threads
WARNING: [DRC CFGBVS-1] Missing CFGBVS and CONFIG_VOLTAGE Design Properties: Neither the CFGBVS nor CONFIG_VOLTAGE voltage property is set in the current_design.  Configuration bank voltage select (CFGBVS) must be set to VCCO or GND, and CONFIG_VOLTAGE must be set to the correct configuration voltage, in order to determine the I/O voltage support for the pins in bank 0.  It is suggested to specify these either using the 'Edit Device Properties' function in the GUI or directly in the XDC file using the following syntax:

 set_property CFGBVS value1 [current_design]
 #where value1 is either VCCO or GND

 set_property CONFIG_VOLTAGE value2 [current_design]
 #where value2 is the voltage provided to configuration bank 0

Refer to the device configuration user guide for more information.
INFO: [Vivado 12-3199] DRC finished with 0 Errors, 1 Warnings
INFO: [Vivado 12-3200] Please refer to the DRC report (report_drc) for more information.
INFO: [Designutils 20-2272] Running write_bitstream with 8 threads.
Loading data files...
Loading site data...
Loading route data...
Processing options...
Creating bitmap...
Creating bitstream...
Writing bitstream ./main.bit...
INFO: [Vivado 12-1842] Bitgen Completed Successfully.
INFO: [Project 1-1876] WebTalk data collection is mandatory when using a ULT device. To see the specific WebTalk data collected for your design, open the usage_statistics_webtalk.html or usage_statistics_webtalk.xml file in the implementation directory.
INFO: [Common 17-83] Releasing license: Implementation
9 Infos, 1 Warnings, 0 Critical Warnings and 0 Errors encountered.
write_bitstream completed successfully
write_bitstream: Time (s): cpu = 00:00:07 ; elapsed = 00:00:09 . Memory (MB): peak = 3318.023 ; gain = 256.312 ; free physical = 5275 ; free virtual = 12527
INFO: [Common 17-206] Exiting Vivado at Wed Nov  2 19:53:48 2022...
